<?xml version="1.0" encoding="UTF-8"?>
<coverage generated="1780028586939" clover="3.2.0">
  <project timestamp="1780028586939" name="All files">
    <metrics statements="341" coveredstatements="305" conditionals="164" coveredconditionals="150" methods="78" coveredmethods="65" elements="583" coveredelements="520" complexity="0" loc="341" ncloc="341" packages="9" files="16" classes="16"/>
    <package name="src">
      <metrics statements="7" coveredstatements="0" conditionals="0" coveredconditionals="0" methods="0" coveredmethods="0"/>
      <file name="app.module.ts" path="D:\github\poc_trading_application\src\app.module.ts">
        <metrics statements="7" coveredstatements="0" conditionals="0" coveredconditionals="0" methods="0" coveredmethods="0"/>
        <line num="1" count="0" type="stmt"/>
        <line num="2" count="0" type="stmt"/>
        <line num="3" count="0" type="stmt"/>
        <line num="4" count="0" type="stmt"/>
        <line num="5" count="0" type="stmt"/>
        <line num="6" count="0" type="stmt"/>
        <line num="12" count="0" type="stmt"/>
      </file>
    </package>
    <package name="src.dashboard">
      <metrics statements="91" coveredstatements="67" conditionals="30" coveredconditionals="28" methods="29" coveredmethods="17"/>
      <file name="clock.service.ts" path="D:\github\poc_trading_application\src\dashboard\clock.service.ts">
        <metrics statements="6" coveredstatements="2" conditionals="0" coveredconditionals="0" methods="4" coveredmethods="0"/>
        <line num="1" count="1" type="stmt"/>
        <line num="4" count="1" type="stmt"/>
        <line num="6" count="0" type="stmt"/>
        <line num="10" count="0" type="stmt"/>
        <line num="14" count="0" type="stmt"/>
        <line num="24" count="0" type="stmt"/>
      </file>
      <file name="dashboard.controller.ts" path="D:\github\poc_trading_application\src\dashboard\dashboard.controller.ts">
        <metrics statements="20" coveredstatements="0" conditionals="0" coveredconditionals="0" methods="8" coveredmethods="0"/>
        <line num="1" count="0" type="stmt"/>
        <line num="2" count="0" type="stmt"/>
        <line num="3" count="0" type="stmt"/>
        <line num="6" count="0" type="stmt"/>
        <line num="8" count="0" type="stmt"/>
        <line num="9" count="0" type="stmt"/>
        <line num="13" count="0" type="stmt"/>
        <line num="14" count="0" type="stmt"/>
        <line num="18" count="0" type="stmt"/>
        <line num="19" count="0" type="stmt"/>
        <line num="23" count="0" type="stmt"/>
        <line num="24" count="0" type="stmt"/>
        <line num="28" count="0" type="stmt"/>
        <line num="29" count="0" type="stmt"/>
        <line num="33" count="0" type="stmt"/>
        <line num="34" count="0" type="stmt"/>
        <line num="38" count="0" type="stmt"/>
        <line num="39" count="0" type="stmt"/>
        <line num="43" count="0" type="stmt"/>
        <line num="44" count="0" type="stmt"/>
      </file>
      <file name="dashboard.service.ts" path="D:\github\poc_trading_application\src\dashboard\dashboard.service.ts">
        <metrics statements="42" coveredstatements="42" conditionals="26" coveredconditionals="26" methods="13" coveredmethods="13"/>
        <line num="1" count="1" type="stmt"/>
        <line num="2" count="1" type="stmt"/>
        <line num="16" count="1" type="stmt"/>
        <line num="17" count="16" type="stmt"/>
        <line num="19" count="16" type="stmt"/>
        <line num="21" count="16" type="stmt"/>
        <line num="29" count="16" type="stmt"/>
        <line num="45" count="16" type="stmt"/>
        <line num="74" count="16" type="stmt"/>
        <line num="80" count="16" type="stmt"/>
        <line num="86" count="16" type="stmt"/>
        <line num="92" count="16" type="stmt"/>
        <line num="99" count="13" type="stmt"/>
        <line num="112" count="23" type="stmt"/>
        <line num="113" count="18" type="cond" truecount="2" falsecount="0"/>
        <line num="115" count="18" type="stmt"/>
        <line num="130" count="60" type="stmt"/>
        <line num="139" count="6" type="cond" truecount="2" falsecount="0"/>
        <line num="140" count="1" type="stmt"/>
        <line num="142" count="5" type="stmt"/>
        <line num="143" count="4" type="stmt"/>
        <line num="145" count="4" type="stmt"/>
        <line num="156" count="4" type="stmt"/>
        <line num="165" count="4" type="stmt"/>
        <line num="169" count="3" type="stmt"/>
        <line num="170" count="2" type="stmt"/>
        <line num="172" count="2" type="stmt"/>
        <line num="183" count="2" type="stmt"/>
        <line num="192" count="2" type="stmt"/>
        <line num="196" count="5" type="stmt"/>
        <line num="197" count="5" type="stmt"/>
        <line num="206" count="5" type="stmt"/>
        <line num="210" count="1" type="stmt"/>
        <line num="211" count="1" type="stmt"/>
        <line num="220" count="1" type="stmt"/>
        <line num="224" count="8" type="stmt"/>
        <line num="225" count="6" type="stmt"/>
        <line num="226" count="12" type="cond" truecount="2" falsecount="0"/>
        <line num="231" count="18" type="stmt"/>
        <line num="232" count="14" type="cond" truecount="2" falsecount="0"/>
        <line num="233" count="2" type="stmt"/>
        <line num="235" count="12" type="stmt"/>
      </file>
      <file name="engine-signal.service.ts" path="D:\github\poc_trading_application\src\dashboard\engine-signal.service.ts">
        <metrics statements="17" coveredstatements="17" conditionals="3" coveredconditionals="2" methods="2" coveredmethods="2"/>
        <line num="1" count="1" type="stmt"/>
        <line num="2" count="1" type="stmt"/>
        <line num="3" count="1" type="stmt"/>
        <line num="4" count="1" type="stmt"/>
        <line num="5" count="1" type="stmt"/>
        <line num="7" count="1" type="stmt"/>
        <line num="8" count="1" type="stmt"/>
        <line num="12" count="1" type="stmt"/>
        <line num="13" count="2" type="stmt"/>
        <line num="14" count="2" type="stmt"/>
        <line num="16" count="2" type="stmt"/>
        <line num="19" count="2" type="stmt"/>
        <line num="20" count="2" type="stmt"/>
        <line num="21" count="2" type="cond" truecount="2" falsecount="0"/>
        <line num="22" count="1" type="stmt"/>
        <line num="25" count="1" type="stmt"/>
        <line num="38" count="1" type="stmt"/>
      </file>
      <file name="market-data.provider.ts" path="D:\github\poc_trading_application\src\dashboard\market-data.provider.ts">
        <metrics statements="6" coveredstatements="6" conditionals="1" coveredconditionals="0" methods="2" coveredmethods="2"/>
        <line num="1" count="1" type="stmt"/>
        <line num="10" count="1" type="stmt"/>
        <line num="12" count="20" type="stmt"/>
        <line num="22" count="1" type="stmt"/>
        <line num="32" count="1" type="stmt"/>
        <line num="42" count="1" type="stmt"/>
      </file>
    </package>
    <package name="src.engine.backtest">
      <metrics statements="100" coveredstatements="98" conditionals="58" coveredconditionals="50" methods="23" coveredmethods="22"/>
      <file name="backtester.ts" path="D:\github\poc_trading_application\src\engine\backtest\backtester.ts">
        <metrics statements="42" coveredstatements="41" conditionals="24" coveredconditionals="20" methods="6" coveredmethods="5"/>
        <line num="1" count="2" type="stmt"/>
        <line num="3" count="2" type="stmt"/>
        <line num="4" count="2" type="stmt"/>
        <line num="6" count="2" type="stmt"/>
        <line num="31" count="2" type="stmt"/>
        <line num="37" count="6" type="stmt"/>
        <line num="38" count="6" type="cond" truecount="2" falsecount="0"/>
        <line num="39" count="6" type="cond" truecount="2" falsecount="0"/>
        <line num="43" count="11" type="stmt"/>
        <line num="44" count="11" type="stmt"/>
        <line num="45" count="11" type="stmt"/>
        <line num="47" count="11" type="stmt"/>
        <line num="48" count="269" type="stmt"/>
        <line num="49" count="269" type="stmt"/>
        <line num="52" count="269" type="cond" truecount="2" falsecount="0"/>
        <line num="53" count="10" type="stmt"/>
        <line num="54" count="10" type="stmt"/>
        <line num="55" count="10" type="cond" truecount="2" falsecount="0"/>
        <line num="56" count="9" type="stmt"/>
        <line num="57" count="9" type="cond" truecount="1" falsecount="1"/>
        <line num="62" count="269" type="cond" truecount="2" falsecount="0"/>
        <line num="63" count="268" type="stmt"/>
        <line num="64" count="268" type="cond" truecount="4" falsecount="0"/>
        <line num="65" count="10" type="stmt"/>
        <line num="66" count="10" type="stmt"/>
        <line num="80" count="10" type="cond" truecount="1" falsecount="1"/>
        <line num="81" count="10" type="stmt"/>
        <line num="85" count="10" type="stmt"/>
        <line num="97" count="269" type="stmt"/>
        <line num="101" count="11" type="cond" truecount="1" falsecount="1"/>
        <line num="102" count="11" type="stmt"/>
        <line num="103" count="11" type="stmt"/>
        <line num="104" count="1" type="stmt"/>
        <line num="105" count="1" type="stmt"/>
        <line num="107" count="11" type="cond" truecount="3" falsecount="1"/>
        <line num="108" count="11" type="stmt"/>
        <line num="112" count="11" type="stmt"/>
        <line num="120" count="10" type="stmt"/>
        <line num="121" count="10" type="stmt"/>
        <line num="122" count="0" type="stmt"/>
        <line num="124" count="10" type="stmt"/>
        <line num="128" count="10" type="stmt"/>
      </file>
      <file name="data-loader.ts" path="D:\github\poc_trading_application\src\engine\backtest\data-loader.ts">
        <metrics statements="20" coveredstatements="20" conditionals="8" coveredconditionals="8" methods="7" coveredmethods="7"/>
        <line num="3" count="2" type="stmt"/>
        <line num="9" count="2" type="stmt"/>
        <line num="10" count="11" type="stmt"/>
        <line num="12" count="141" type="stmt"/>
        <line num="13" count="141" type="stmt"/>
        <line num="15" count="11" type="cond" truecount="2" falsecount="0"/>
        <line num="16" count="1" type="stmt"/>
        <line num="19" count="57" type="stmt"/>
        <line num="20" count="40" type="stmt"/>
        <line num="21" count="10" type="cond" truecount="2" falsecount="0"/>
        <line num="23" count="10" type="stmt"/>
        <line num="24" count="753" type="stmt"/>
        <line num="25" count="126" type="cond" truecount="2" falsecount="0"/>
        <line num="26" count="1" type="stmt"/>
        <line num="29" count="125" type="stmt"/>
        <line num="30" count="125" type="stmt"/>
        <line num="40" count="125" type="stmt"/>
        <line num="41" count="621" type="cond" truecount="2" falsecount="0"/>
        <line num="42" count="1" type="stmt"/>
        <line num="46" count="124" type="stmt"/>
      </file>
      <file name="metrics.ts" path="D:\github\poc_trading_application\src\engine\backtest\metrics.ts">
        <metrics statements="38" coveredstatements="37" conditionals="26" coveredconditionals="22" methods="10" coveredmethods="10"/>
        <line num="16" count="3" type="cond" truecount="1" falsecount="0"/>
        <line num="17" count="85" type="stmt"/>
        <line num="18" count="85" type="stmt"/>
        <line num="22" count="3" type="stmt"/>
        <line num="23" count="16" type="stmt"/>
        <line num="24" count="16" type="stmt"/>
        <line num="26" count="16" type="stmt"/>
        <line num="27" count="283" type="cond" truecount="2" falsecount="0"/>
        <line num="28" count="32" type="stmt"/>
        <line num="30" count="283" type="cond" truecount="1" falsecount="1"/>
        <line num="31" count="283" type="stmt"/>
        <line num="32" count="283" type="cond" truecount="2" falsecount="0"/>
        <line num="33" count="12" type="stmt"/>
        <line num="38" count="16" type="stmt"/>
        <line num="42" count="3" type="cond" truecount="1" falsecount="0"/>
        <line num="43" count="17" type="cond" truecount="2" falsecount="0"/>
        <line num="44" count="2" type="stmt"/>
        <line num="47" count="15" type="stmt"/>
        <line num="48" count="15" type="stmt"/>
        <line num="49" count="267" type="stmt"/>
        <line num="50" count="267" type="cond" truecount="1" falsecount="1"/>
        <line num="51" count="267" type="stmt"/>
        <line num="55" count="15" type="cond" truecount="1" falsecount="1"/>
        <line num="56" count="0" type="stmt"/>
        <line num="59" count="267" type="stmt"/>
        <line num="60" count="267" type="stmt"/>
        <line num="61" count="15" type="stmt"/>
        <line num="62" count="15" type="cond" truecount="2" falsecount="0"/>
        <line num="63" count="3" type="stmt"/>
        <line num="66" count="12" type="stmt"/>
        <line num="69" count="3" type="stmt"/>
        <line num="74" count="14" type="cond" truecount="1" falsecount="1"/>
        <line num="76" count="14" type="stmt"/>
        <line num="77" count="14" type="stmt"/>
        <line num="78" count="14" type="stmt"/>
        <line num="79" count="14" type="stmt"/>
        <line num="81" count="14" type="cond" truecount="4" falsecount="0"/>
        <line num="83" count="14" type="stmt"/>
      </file>
    </package>
    <package name="src.engine.execution">
      <metrics statements="22" coveredstatements="22" conditionals="15" coveredconditionals="15" methods="5" coveredmethods="5"/>
      <file name="execution-simulator.ts" path="D:\github\poc_trading_application\src\engine\execution\execution-simulator.ts">
        <metrics statements="22" coveredstatements="22" conditionals="15" coveredconditionals="15" methods="5" coveredmethods="5"/>
        <line num="11" count="3" type="stmt"/>
        <line num="26" count="3" type="stmt"/>
        <line num="30" count="7" type="stmt"/>
        <line num="34" count="32" type="stmt"/>
        <line num="39" count="12" type="stmt"/>
        <line num="41" count="12" type="cond" truecount="2" falsecount="0"/>
        <line num="43" count="12" type="stmt"/>
        <line num="51" count="17" type="stmt"/>
        <line num="53" count="17" type="cond" truecount="2" falsecount="0"/>
        <line num="54" count="14" type="cond" truecount="2" falsecount="0"/>
        <line num="55" count="2" type="stmt"/>
        <line num="57" count="12" type="cond" truecount="2" falsecount="0"/>
        <line num="58" count="10" type="stmt"/>
        <line num="60" count="2" type="stmt"/>
        <line num="64" count="3" type="cond" truecount="2" falsecount="0"/>
        <line num="65" count="1" type="stmt"/>
        <line num="67" count="2" type="cond" truecount="2" falsecount="0"/>
        <line num="68" count="1" type="stmt"/>
        <line num="70" count="1" type="stmt"/>
        <line num="75" count="3" type="stmt"/>
        <line num="76" count="3" type="cond" truecount="2" falsecount="0"/>
        <line num="77" count="3" type="stmt"/>
      </file>
    </package>
    <package name="src.engine.integration">
      <metrics statements="7" coveredstatements="7" conditionals="6" coveredconditionals="5" methods="2" coveredmethods="2"/>
      <file name="signal-adapter.ts" path="D:\github\poc_trading_application\src\engine\integration\signal-adapter.ts">
        <metrics statements="7" coveredstatements="7" conditionals="6" coveredconditionals="5" methods="2" coveredmethods="2"/>
        <line num="18" count="12" type="stmt"/>
        <line num="21" count="2" type="stmt"/>
        <line num="25" count="4" type="stmt"/>
        <line num="26" count="4" type="stmt"/>
        <line num="27" count="4" type="cond" truecount="2" falsecount="0"/>
        <line num="29" count="4" type="cond" truecount="2" falsecount="0"/>
        <line num="31" count="4" type="stmt"/>
      </file>
    </package>
    <package name="src.engine.market">
      <metrics statements="25" coveredstatements="25" conditionals="10" coveredconditionals="10" methods="6" coveredmethods="6"/>
      <file name="bar.ts" path="D:\github\poc_trading_application\src\engine\market\bar.ts">
        <metrics statements="1" coveredstatements="1" conditionals="0" coveredconditionals="0" methods="1" coveredmethods="1"/>
        <line num="11" count="2027" type="stmt"/>
      </file>
      <file name="indicators.ts" path="D:\github\poc_trading_application\src\engine\market\indicators.ts">
        <metrics statements="24" coveredstatements="24" conditionals="10" coveredconditionals="10" methods="5" coveredmethods="5"/>
        <line num="1" count="5" type="stmt"/>
        <line num="7" count="5" type="stmt"/>
        <line num="8" count="90" type="stmt"/>
        <line num="9" count="90" type="stmt"/>
        <line num="11" count="90" type="stmt"/>
        <line num="12" count="2027" type="stmt"/>
        <line num="13" count="2027" type="stmt"/>
        <line num="16" count="90" type="cond" truecount="2" falsecount="0"/>
        <line num="17" count="1" type="stmt"/>
        <line num="20" count="89" type="stmt"/>
        <line num="27" count="5" type="stmt"/>
        <line num="28" count="18" type="cond" truecount="2" falsecount="0"/>
        <line num="29" count="1" type="stmt"/>
        <line num="32" count="17" type="stmt"/>
        <line num="33" count="17" type="cond" truecount="2" falsecount="0"/>
        <line num="34" count="1" type="stmt"/>
        <line num="37" count="16" type="stmt"/>
        <line num="38" count="303" type="stmt"/>
        <line num="39" count="16" type="stmt"/>
        <line num="43" count="5" type="stmt"/>
        <line num="44" count="16" type="cond" truecount="4" falsecount="0"/>
        <line num="45" count="1" type="stmt"/>
        <line num="48" count="15" type="stmt"/>
        <line num="49" count="72" type="stmt"/>
      </file>
    </package>
    <package name="src.engine.portfolio">
      <metrics statements="32" coveredstatements="32" conditionals="10" coveredconditionals="10" methods="8" coveredmethods="8"/>
      <file name="portfolio.ts" path="D:\github\poc_trading_application\src\engine\portfolio\portfolio.ts">
        <metrics statements="32" coveredstatements="32" conditionals="10" coveredconditionals="10" methods="8" coveredmethods="8"/>
        <line num="28" count="3" type="stmt"/>
        <line num="30" count="20" type="stmt"/>
        <line num="31" count="20" type="stmt"/>
        <line num="34" count="20" type="stmt"/>
        <line num="38" count="3" type="stmt"/>
        <line num="42" count="62" type="stmt"/>
        <line num="46" count="23" type="stmt"/>
        <line num="50" count="539" type="stmt"/>
        <line num="54" count="19" type="cond" truecount="2" falsecount="0"/>
        <line num="55" count="1" type="stmt"/>
        <line num="57" count="18" type="cond" truecount="2" falsecount="0"/>
        <line num="58" count="1" type="stmt"/>
        <line num="60" count="17" type="stmt"/>
        <line num="61" count="17" type="cond" truecount="2" falsecount="0"/>
        <line num="62" count="1" type="stmt"/>
        <line num="64" count="16" type="stmt"/>
        <line num="65" count="16" type="stmt"/>
        <line num="69" count="13" type="stmt"/>
        <line num="70" count="13" type="cond" truecount="2" falsecount="0"/>
        <line num="71" count="1" type="stmt"/>
        <line num="74" count="12" type="stmt"/>
        <line num="75" count="12" type="stmt"/>
        <line num="77" count="12" type="stmt"/>
        <line num="78" count="12" type="stmt"/>
        <line num="79" count="12" type="stmt"/>
        <line num="89" count="12" type="stmt"/>
        <line num="90" count="12" type="stmt"/>
        <line num="95" count="292" type="stmt"/>
        <line num="96" count="292" type="stmt"/>
        <line num="97" count="13" type="cond" truecount="2" falsecount="0"/>
        <line num="98" count="13" type="stmt"/>
        <line num="100" count="292" type="stmt"/>
      </file>
    </package>
    <package name="src.engine.risk">
      <metrics statements="23" coveredstatements="23" conditionals="14" coveredconditionals="14" methods="2" coveredmethods="2"/>
      <file name="risk-engine.ts" path="D:\github\poc_trading_application\src\engine\risk\risk-engine.ts">
        <metrics statements="23" coveredstatements="23" conditionals="14" coveredconditionals="14" methods="2" coveredmethods="2"/>
        <line num="15" count="4" type="stmt"/>
        <line num="51" count="6" type="stmt"/>
        <line num="59" count="4" type="stmt"/>
        <line num="61" count="21" type="stmt"/>
        <line num="63" count="21" type="cond" truecount="2" falsecount="0"/>
        <line num="64" count="1" type="stmt"/>
        <line num="67" count="20" type="cond" truecount="2" falsecount="0"/>
        <line num="68" count="1" type="stmt"/>
        <line num="71" count="19" type="cond" truecount="2" falsecount="0"/>
        <line num="72" count="1" type="stmt"/>
        <line num="75" count="18" type="stmt"/>
        <line num="76" count="18" type="cond" truecount="2" falsecount="0"/>
        <line num="77" count="1" type="stmt"/>
        <line num="80" count="17" type="stmt"/>
        <line num="81" count="17" type="stmt"/>
        <line num="83" count="17" type="stmt"/>
        <line num="87" count="17" type="stmt"/>
        <line num="92" count="17" type="stmt"/>
        <line num="93" count="17" type="stmt"/>
        <line num="95" count="17" type="stmt"/>
        <line num="96" count="17" type="cond" truecount="2" falsecount="0"/>
        <line num="97" count="2" type="stmt"/>
        <line num="100" count="15" type="stmt"/>
      </file>
    </package>
    <package name="src.engine.strategy">
      <metrics statements="34" coveredstatements="31" conditionals="21" coveredconditionals="18" methods="3" coveredmethods="3"/>
      <file name="vwap-reclaim.strategy.ts" path="D:\github\poc_trading_application\src\engine\strategy\vwap-reclaim.strategy.ts">
        <metrics statements="34" coveredstatements="31" conditionals="21" coveredconditionals="18" methods="3" coveredmethods="3"/>
        <line num="1" count="4" type="stmt"/>
        <line num="15" count="4" type="stmt"/>
        <line num="26" count="4" type="stmt"/>
        <line num="27" count="10" type="stmt"/>
        <line num="31" count="10" type="stmt"/>
        <line num="35" count="276" type="stmt"/>
        <line num="36" count="276" type="cond" truecount="2" falsecount="0"/>
        <line num="37" count="232" type="stmt"/>
        <line num="40" count="44" type="stmt"/>
        <line num="41" count="44" type="stmt"/>
        <line num="43" count="44" type="stmt"/>
        <line num="44" count="44" type="stmt"/>
        <line num="45" count="44" type="cond" truecount="3" falsecount="1"/>
        <line num="46" count="0" type="stmt"/>
        <line num="49" count="44" type="cond" truecount="2" falsecount="0"/>
        <line num="50" count="44" type="cond" truecount="2" falsecount="0"/>
        <line num="51" count="29" type="stmt"/>
        <line num="54" count="15" type="stmt"/>
        <line num="55" count="15" type="cond" truecount="3" falsecount="1"/>
        <line num="56" count="0" type="stmt"/>
        <line num="59" count="15" type="stmt"/>
        <line num="60" count="15" type="cond" truecount="2" falsecount="0"/>
        <line num="61" count="1" type="stmt"/>
        <line num="64" count="14" type="stmt"/>
        <line num="65" count="14" type="cond" truecount="3" falsecount="1"/>
        <line num="66" count="0" type="stmt"/>
        <line num="69" count="14" type="stmt"/>
        <line num="70" count="14" type="stmt"/>
        <line num="71" count="14" type="stmt"/>
        <line num="73" count="14" type="stmt"/>
        <line num="85" count="14" type="stmt"/>
        <line num="86" count="14" type="stmt"/>
        <line num="87" count="14" type="stmt"/>
        <line num="88" count="14" type="stmt"/>
      </file>
    </package>
  </project>
</coverage>
