{"D:\\github\\poc_trading_application\\src\\app.module.ts": {"path":"D:\\github\\poc_trading_application\\src\\app.module.ts","statementMap":{"0":{"start":{"line":1,"column":0},"end":{"line":1,"column":40}},"1":{"start":{"line":2,"column":0},"end":{"line":2,"column":57}},"2":{"start":{"line":3,"column":0},"end":{"line":3,"column":71}},"3":{"start":{"line":4,"column":0},"end":{"line":4,"column":65}},"4":{"start":{"line":5,"column":0},"end":{"line":5,"column":72}},"5":{"start":{"line":6,"column":0},"end":{"line":6,"column":70}},"6":{"start":{"line":12,"column":7},"end":{"line":12,"column":null}},"7":{"start":{"line":12,"column":13},"end":{"line":12,"column":22}},"8":{"start":{"line":12,"column":13},"end":{"line":12,"column":null}}},"fnMap":{},"branchMap":{},"s":{"0":0,"1":0,"2":0,"3":0,"4":0,"5":0,"6":0,"7":0,"8":0},"f":{},"b":{}}
,"D:\\github\\poc_trading_application\\src\\dashboard\\clock.service.ts": {"path":"D:\\github\\poc_trading_application\\src\\dashboard\\clock.service.ts","statementMap":{"0":{"start":{"line":1,"column":0},"end":{"line":1,"column":44}},"1":{"start":{"line":4,"column":7},"end":{"line":31,"column":null}},"2":{"start":{"line":6,"column":4},"end":{"line":6,"column":22}},"3":{"start":{"line":10,"column":4},"end":{"line":10,"column":36}},"4":{"start":{"line":14,"column":4},"end":{"line":20,"column":26}},"5":{"start":{"line":24,"column":4},"end":{"line":29,"column":26}},"6":{"start":{"line":4,"column":13},"end":{"line":4,"column":25}},"7":{"start":{"line":4,"column":13},"end":{"line":31,"column":null}}},"fnMap":{"0":{"name":"(anonymous_1)","decl":{"start":{"line":5,"column":2},"end":{"line":5,"column":5}},"loc":{"start":{"line":5,"column":5},"end":{"line":7,"column":3}}},"1":{"name":"(anonymous_2)","decl":{"start":{"line":9,"column":2},"end":{"line":9,"column":14}},"loc":{"start":{"line":9,"column":14},"end":{"line":11,"column":3}}},"2":{"name":"(anonymous_3)","decl":{"start":{"line":13,"column":2},"end":{"line":13,"column":12}},"loc":{"start":{"line":13,"column":12},"end":{"line":21,"column":3}}},"3":{"name":"(anonymous_4)","decl":{"start":{"line":23,"column":2},"end":{"line":23,"column":11}},"loc":{"start":{"line":23,"column":11},"end":{"line":30,"column":3}}}},"branchMap":{},"s":{"0":1,"1":1,"2":0,"3":0,"4":0,"5":0,"6":1,"7":1},"f":{"0":0,"1":0,"2":0,"3":0},"b":{}}
,"D:\\github\\poc_trading_application\\src\\dashboard\\dashboard.controller.ts": {"path":"D:\\github\\poc_trading_application\\src\\dashboard\\dashboard.controller.ts","statementMap":{"0":{"start":{"line":1,"column":0},"end":{"line":1,"column":62}},"1":{"start":{"line":2,"column":0},"end":{"line":2,"column":55}},"2":{"start":{"line":3,"column":0},"end":{"line":3,"column":62}},"3":{"start":{"line":6,"column":7},"end":{"line":46,"column":null}},"4":{"start":{"line":8,"column":21},"end":{"line":8,"column":39}},"5":{"start":{"line":9,"column":21},"end":{"line":9,"column":36}},"6":{"start":{"line":14,"column":4},"end":{"line":14,"column":46}},"7":{"start":{"line":19,"column":4},"end":{"line":19,"column":44}},"8":{"start":{"line":24,"column":4},"end":{"line":24,"column":44}},"9":{"start":{"line":29,"column":4},"end":{"line":29,"column":51}},"10":{"start":{"line":34,"column":4},"end":{"line":34,"column":50}},"11":{"start":{"line":39,"column":4},"end":{"line":39,"column":47}},"12":{"start":{"line":44,"column":4},"end":{"line":44,"column":49}},"13":{"start":{"line":6,"column":13},"end":{"line":6,"column":32}},"14":{"start":{"line":13,"column":2},"end":{"line":15,"column":null}},"15":{"start":{"line":18,"column":2},"end":{"line":20,"column":null}},"16":{"start":{"line":23,"column":2},"end":{"line":25,"column":null}},"17":{"start":{"line":28,"column":2},"end":{"line":30,"column":null}},"18":{"start":{"line":33,"column":2},"end":{"line":35,"column":null}},"19":{"start":{"line":38,"column":2},"end":{"line":40,"column":null}},"20":{"start":{"line":43,"column":2},"end":{"line":45,"column":null}},"21":{"start":{"line":6,"column":13},"end":{"line":46,"column":null}}},"fnMap":{"0":{"name":"(anonymous_4)","decl":{"start":{"line":7,"column":2},"end":{"line":7,"column":null}},"loc":{"start":{"line":9,"column":55},"end":{"line":10,"column":6}}},"1":{"name":"(anonymous_5)","decl":{"start":{"line":13,"column":2},"end":{"line":13,"column":12}},"loc":{"start":{"line":13,"column":12},"end":{"line":15,"column":3}}},"2":{"name":"(anonymous_6)","decl":{"start":{"line":18,"column":2},"end":{"line":18,"column":16}},"loc":{"start":{"line":18,"column":16},"end":{"line":20,"column":3}}},"3":{"name":"(anonymous_7)","decl":{"start":{"line":23,"column":2},"end":{"line":23,"column":10}},"loc":{"start":{"line":23,"column":10},"end":{"line":25,"column":3}}},"4":{"name":"(anonymous_8)","decl":{"start":{"line":28,"column":2},"end":{"line":28,"column":15}},"loc":{"start":{"line":28,"column":39},"end":{"line":30,"column":3}}},"5":{"name":"(anonymous_9)","decl":{"start":{"line":33,"column":2},"end":{"line":33,"column":14}},"loc":{"start":{"line":33,"column":38},"end":{"line":35,"column":3}}},"6":{"name":"(anonymous_10)","decl":{"start":{"line":38,"column":2},"end":{"line":38,"column":13}},"loc":{"start":{"line":38,"column":13},"end":{"line":40,"column":3}}},"7":{"name":"(anonymous_11)","decl":{"start":{"line":43,"column":2},"end":{"line":43,"column":15}},"loc":{"start":{"line":43,"column":15},"end":{"line":45,"column":3}}}},"branchMap":{},"s":{"0":0,"1":0,"2":0,"3":0,"4":0,"5":0,"6":0,"7":0,"8":0,"9":0,"10":0,"11":0,"12":0,"13":0,"14":0,"15":0,"16":0,"17":0,"18":0,"19":0,"20":0,"21":0},"f":{"0":0,"1":0,"2":0,"3":0,"4":0,"5":0,"6":0,"7":0},"b":{}}
,"D:\\github\\poc_trading_application\\src\\dashboard\\dashboard.service.ts": {"path":"D:\\github\\poc_trading_application\\src\\dashboard\\dashboard.service.ts","statementMap":{"0":{"start":{"line":1,"column":0},"end":{"line":1,"column":82}},"1":{"start":{"line":2,"column":0},"end":{"line":2,"column":47}},"2":{"start":{"line":16,"column":7},"end":{"line":237,"column":null}},"3":{"start":{"line":17,"column":26},"end":{"line":17,"column":31}},"4":{"start":{"line":19,"column":31},"end":{"line":19,"column":38}},"5":{"start":{"line":21,"column":48},"end":{"line":27,"column":4}},"6":{"start":{"line":29,"column":39},"end":{"line":43,"column":4}},"7":{"start":{"line":45,"column":37},"end":{"line":72,"column":4}},"8":{"start":{"line":74,"column":43},"end":{"line":78,"column":4}},"9":{"start":{"line":80,"column":33},"end":{"line":84,"column":4}},"10":{"start":{"line":86,"column":39},"end":{"line":90,"column":4}},"11":{"start":{"line":92,"column":36},"end":{"line":96,"column":4}},"12":{"start":{"line":99,"column":4},"end":{"line":108,"column":6}},"13":{"start":{"line":112,"column":30},"end":{"line":112,"column":88}},"14":{"start":{"line":112,"column":60},"end":{"line":112,"column":87}},"15":{"start":{"line":113,"column":23},"end":{"line":113,"column":86}},"16":{"start":{"line":115,"column":4},"end":{"line":135,"column":6}},"17":{"start":{"line":130,"column":51},"end":{"line":130,"column":76}},"18":{"start":{"line":139,"column":4},"end":{"line":141,"column":5}},"19":{"start":{"line":140,"column":6},"end":{"line":140,"column":79}},"20":{"start":{"line":142,"column":4},"end":{"line":142,"column":44}},"21":{"start":{"line":143,"column":19},"end":{"line":143,"column":38}},"22":{"start":{"line":145,"column":4},"end":{"line":154,"column":6}},"23":{"start":{"line":156,"column":4},"end":{"line":163,"column":6}},"24":{"start":{"line":165,"column":4},"end":{"line":165,"column":27}},"25":{"start":{"line":169,"column":4},"end":{"line":169,"column":44}},"26":{"start":{"line":170,"column":19},"end":{"line":170,"column":38}},"27":{"start":{"line":172,"column":4},"end":{"line":181,"column":6}},"28":{"start":{"line":183,"column":4},"end":{"line":190,"column":6}},"29":{"start":{"line":192,"column":4},"end":{"line":192,"column":27}},"30":{"start":{"line":196,"column":4},"end":{"line":196,"column":30}},"31":{"start":{"line":197,"column":4},"end":{"line":204,"column":6}},"32":{"start":{"line":206,"column":4},"end":{"line":206,"column":27}},"33":{"start":{"line":210,"column":4},"end":{"line":210,"column":31}},"34":{"start":{"line":211,"column":4},"end":{"line":218,"column":6}},"35":{"start":{"line":220,"column":4},"end":{"line":220,"column":27}},"36":{"start":{"line":224,"column":19},"end":{"line":224,"column":38}},"37":{"start":{"line":225,"column":4},"end":{"line":227,"column":6}},"38":{"start":{"line":226,"column":6},"end":{"line":226,"column":73}},"39":{"start":{"line":231,"column":19},"end":{"line":231,"column":62}},"40":{"start":{"line":231,"column":47},"end":{"line":231,"column":61}},"41":{"start":{"line":232,"column":4},"end":{"line":234,"column":5}},"42":{"start":{"line":233,"column":6},"end":{"line":233,"column":64}},"43":{"start":{"line":235,"column":4},"end":{"line":235,"column":18}},"44":{"start":{"line":16,"column":13},"end":{"line":16,"column":29}},"45":{"start":{"line":16,"column":13},"end":{"line":237,"column":null}}},"fnMap":{"0":{"name":"(anonymous_2)","decl":{"start":{"line":19,"column":2},"end":{"line":19,"column":31}},"loc":{"start":{"line":19,"column":50},"end":{"line":19,"column":54}}},"1":{"name":"(anonymous_3)","decl":{"start":{"line":98,"column":2},"end":{"line":98,"column":10}},"loc":{"start":{"line":98,"column":10},"end":{"line":109,"column":3}}},"2":{"name":"(anonymous_4)","decl":{"start":{"line":111,"column":2},"end":{"line":111,"column":12}},"loc":{"start":{"line":111,"column":12},"end":{"line":136,"column":3}}},"3":{"name":"(anonymous_5)","decl":{"start":{"line":112,"column":48},"end":{"line":112,"column":49}},"loc":{"start":{"line":112,"column":60},"end":{"line":112,"column":87}}},"4":{"name":"(anonymous_6)","decl":{"start":{"line":130,"column":40},"end":{"line":130,"column":41}},"loc":{"start":{"line":130,"column":51},"end":{"line":130,"column":76}}},"5":{"name":"(anonymous_7)","decl":{"start":{"line":138,"column":2},"end":{"line":138,"column":15}},"loc":{"start":{"line":138,"column":26},"end":{"line":166,"column":3}}},"6":{"name":"(anonymous_8)","decl":{"start":{"line":168,"column":2},"end":{"line":168,"column":14}},"loc":{"start":{"line":168,"column":25},"end":{"line":193,"column":3}}},"7":{"name":"(anonymous_9)","decl":{"start":{"line":195,"column":2},"end":{"line":195,"column":13}},"loc":{"start":{"line":195,"column":13},"end":{"line":207,"column":3}}},"8":{"name":"(anonymous_10)","decl":{"start":{"line":209,"column":2},"end":{"line":209,"column":15}},"loc":{"start":{"line":209,"column":15},"end":{"line":221,"column":3}}},"9":{"name":"(anonymous_11)","decl":{"start":{"line":223,"column":10},"end":{"line":223,"column":28}},"loc":{"start":{"line":223,"column":72},"end":{"line":228,"column":3}}},"10":{"name":"(anonymous_12)","decl":{"start":{"line":225,"column":36},"end":{"line":225,"column":37}},"loc":{"start":{"line":226,"column":6},"end":{"line":226,"column":73}}},"11":{"name":"(anonymous_13)","decl":{"start":{"line":230,"column":10},"end":{"line":230,"column":20}},"loc":{"start":{"line":230,"column":31},"end":{"line":236,"column":3}}},"12":{"name":"(anonymous_14)","decl":{"start":{"line":231,"column":37},"end":{"line":231,"column":38}},"loc":{"start":{"line":231,"column":47},"end":{"line":231,"column":61}}}},"branchMap":{"0":{"loc":{"start":{"line":113,"column":23},"end":{"line":113,"column":86}},"type":"cond-expr","locations":[{"start":{"line":113,"column":44},"end":{"line":113,"column":58}},{"start":{"line":113,"column":61},"end":{"line":113,"column":86}}]},"1":{"loc":{"start":{"line":116,"column":12},"end":{"line":116,"column":56}},"type":"cond-expr","locations":[{"start":{"line":116,"column":33},"end":{"line":116,"column":38}},{"start":{"line":116,"column":41},"end":{"line":116,"column":56}}]},"2":{"loc":{"start":{"line":118,"column":21},"end":{"line":118,"column":99}},"type":"cond-expr","locations":[{"start":{"line":118,"column":42},"end":{"line":118,"column":65}},{"start":{"line":118,"column":68},"end":{"line":118,"column":99}}]},"3":{"loc":{"start":{"line":119,"column":23},"end":{"line":121,"column":79}},"type":"cond-expr","locations":[{"start":{"line":120,"column":10},"end":{"line":120,"column":76}},{"start":{"line":121,"column":10},"end":{"line":121,"column":79}}]},"4":{"loc":{"start":{"line":122,"column":18},"end":{"line":126,"column":39}},"type":"cond-expr","locations":[{"start":{"line":123,"column":10},"end":{"line":123,"column":44}},{"start":{"line":124,"column":10},"end":{"line":126,"column":39}}]},"5":{"loc":{"start":{"line":124,"column":10},"end":{"line":126,"column":39}},"type":"cond-expr","locations":[{"start":{"line":125,"column":12},"end":{"line":125,"column":68}},{"start":{"line":126,"column":12},"end":{"line":126,"column":39}}]},"6":{"loc":{"start":{"line":129,"column":20},"end":{"line":129,"column":61}},"type":"cond-expr","locations":[{"start":{"line":129,"column":41},"end":{"line":129,"column":49}},{"start":{"line":129,"column":52},"end":{"line":129,"column":61}}]},"7":{"loc":{"start":{"line":131,"column":14},"end":{"line":133,"column":91}},"type":"cond-expr","locations":[{"start":{"line":132,"column":10},"end":{"line":132,"column":84}},{"start":{"line":133,"column":10},"end":{"line":133,"column":91}}]},"8":{"loc":{"start":{"line":139,"column":4},"end":{"line":141,"column":5}},"type":"if","locations":[{"start":{"line":139,"column":4},"end":{"line":141,"column":5}},{"start":{},"end":{}}]},"9":{"loc":{"start":{"line":150,"column":47},"end":{"line":150,"column":67}},"type":"binary-expr","locations":[{"start":{"line":150,"column":47},"end":{"line":150,"column":58}},{"start":{"line":150,"column":62},"end":{"line":150,"column":67}}]},"10":{"loc":{"start":{"line":150,"column":80},"end":{"line":150,"column":102}},"type":"binary-expr","locations":[{"start":{"line":150,"column":80},"end":{"line":150,"column":93}},{"start":{"line":150,"column":97},"end":{"line":150,"column":102}}]},"11":{"loc":{"start":{"line":226,"column":6},"end":{"line":226,"column":73}},"type":"cond-expr","locations":[{"start":{"line":226,"column":30},"end":{"line":226,"column":66}},{"start":{"line":226,"column":69},"end":{"line":226,"column":73}}]},"12":{"loc":{"start":{"line":232,"column":4},"end":{"line":234,"column":5}},"type":"if","locations":[{"start":{"line":232,"column":4},"end":{"line":234,"column":5}},{"start":{},"end":{}}]}},"s":{"0":1,"1":1,"2":1,"3":16,"4":16,"5":16,"6":16,"7":16,"8":16,"9":16,"10":16,"11":16,"12":13,"13":18,"14":23,"15":18,"16":18,"17":60,"18":6,"19":1,"20":5,"21":4,"22":4,"23":4,"24":4,"25":3,"26":2,"27":2,"28":2,"29":2,"30":5,"31":5,"32":5,"33":1,"34":1,"35":1,"36":8,"37":6,"38":12,"39":14,"40":18,"41":14,"42":2,"43":12,"44":1,"45":1},"f":{"0":16,"1":13,"2":18,"3":23,"4":60,"5":6,"6":3,"7":5,"8":1,"9":8,"10":12,"11":14,"12":18},"b":{"0":[6,12],"1":[6,12],"2":[6,12],"3":[6,12],"4":[6,12],"5":[8,4],"6":[6,12],"7":[6,12],"8":[1,5],"9":[4,1],"10":[4,1],"11":[6,6],"12":[2,12]}}
,"D:\\github\\poc_trading_application\\src\\dashboard\\engine-signal.service.ts": {"path":"D:\\github\\poc_trading_application\\src\\dashboard\\engine-signal.service.ts","statementMap":{"0":{"start":{"line":1,"column":0},"end":{"line":1,"column":44}},"1":{"start":{"line":2,"column":0},"end":{"line":2,"column":94}},"2":{"start":{"line":3,"column":0},"end":{"line":3,"column":56}},"3":{"start":{"line":4,"column":0},"end":{"line":4,"column":79}},"4":{"start":{"line":5,"column":0},"end":{"line":5,"column":60}},"5":{"start":{"line":7,"column":23},"end":{"line":7,"column":29}},"6":{"start":{"line":8,"column":15},"end":{"line":8,"column":22}},"7":{"start":{"line":12,"column":7},"end":{"line":40,"column":null}},"8":{"start":{"line":13,"column":30},"end":{"line":13,"column":55}},"9":{"start":{"line":14,"column":26},"end":{"line":14,"column":42}},"10":{"start":{"line":16,"column":31},"end":{"line":16,"column":43}},"11":{"start":{"line":19,"column":17},"end":{"line":19,"column":51}},"12":{"start":{"line":20,"column":19},"end":{"line":20,"column":51}},"13":{"start":{"line":21,"column":4},"end":{"line":23,"column":5}},"14":{"start":{"line":22,"column":6},"end":{"line":22,"column":16}},"15":{"start":{"line":25,"column":19},"end":{"line":36,"column":6}},"16":{"start":{"line":38,"column":4},"end":{"line":38,"column":47}},"17":{"start":{"line":12,"column":13},"end":{"line":12,"column":32}},"18":{"start":{"line":12,"column":13},"end":{"line":40,"column":null}}},"fnMap":{"0":{"name":"(anonymous_2)","decl":{"start":{"line":16,"column":2},"end":{"line":16,"column":31}},"loc":{"start":{"line":16,"column":61},"end":{"line":16,"column":65}}},"1":{"name":"(anonymous_3)","decl":{"start":{"line":18,"column":2},"end":{"line":18,"column":13}},"loc":{"start":{"line":18,"column":29},"end":{"line":39,"column":3}}}},"branchMap":{"0":{"loc":{"start":{"line":18,"column":14},"end":{"line":18,"column":29}},"type":"default-arg","locations":[{"start":{"line":18,"column":23},"end":{"line":18,"column":29}}]},"1":{"loc":{"start":{"line":21,"column":4},"end":{"line":23,"column":5}},"type":"if","locations":[{"start":{"line":21,"column":4},"end":{"line":23,"column":5}},{"start":{},"end":{}}]}},"s":{"0":1,"1":1,"2":1,"3":1,"4":1,"5":1,"6":1,"7":1,"8":2,"9":2,"10":2,"11":2,"12":2,"13":2,"14":1,"15":1,"16":1,"17":1,"18":1},"f":{"0":2,"1":2},"b":{"0":[0],"1":[1,1]}}
,"D:\\github\\poc_trading_application\\src\\dashboard\\market-data.provider.ts": {"path":"D:\\github\\poc_trading_application\\src\\dashboard\\market-data.provider.ts","statementMap":{"0":{"start":{"line":1,"column":0},"end":{"line":1,"column":44}},"1":{"start":{"line":10,"column":7},"end":{"line":44,"column":null}},"2":{"start":{"line":12,"column":28},"end":{"line":20,"column":7}},"3":{"start":{"line":12,"column":66},"end":{"line":20,"column":6}},"4":{"start":{"line":22,"column":21},"end":{"line":30,"column":6}},"5":{"start":{"line":32,"column":25},"end":{"line":40,"column":6}},"6":{"start":{"line":42,"column":4},"end":{"line":42,"column":39}},"7":{"start":{"line":10,"column":13},"end":{"line":10,"column":31}},"8":{"start":{"line":10,"column":13},"end":{"line":44,"column":null}}},"fnMap":{"0":{"name":"(anonymous_1)","decl":{"start":{"line":11,"column":2},"end":{"line":11,"column":12}},"loc":{"start":{"line":11,"column":28},"end":{"line":43,"column":3}}},"1":{"name":"(anonymous_2)","decl":{"start":{"line":12,"column":55},"end":{"line":12,"column":56}},"loc":{"start":{"line":12,"column":66},"end":{"line":20,"column":6}}}},"branchMap":{"0":{"loc":{"start":{"line":11,"column":13},"end":{"line":11,"column":28}},"type":"default-arg","locations":[{"start":{"line":11,"column":22},"end":{"line":11,"column":28}}]}},"s":{"0":1,"1":1,"2":1,"3":20,"4":1,"5":1,"6":1,"7":1,"8":1},"f":{"0":1,"1":20},"b":{"0":[0]}}
,"D:\\github\\poc_trading_application\\src\\engine\\backtest\\backtester.ts": {"path":"D:\\github\\poc_trading_application\\src\\engine\\backtest\\backtester.ts","statementMap":{"0":{"start":{"line":1,"column":0},"end":{"line":1,"column":70}},"1":{"start":{"line":3,"column":0},"end":{"line":3,"column":64}},"2":{"start":{"line":4,"column":0},"end":{"line":4,"column":61}},"3":{"start":{"line":6,"column":0},"end":{"line":6,"column":60}},"4":{"start":{"line":37,"column":4},"end":{"line":37,"column":34}},"5":{"start":{"line":38,"column":4},"end":{"line":38,"column":52}},"6":{"start":{"line":39,"column":4},"end":{"line":39,"column":73}},"7":{"start":{"line":43,"column":22},"end":{"line":43,"column":56}},"8":{"start":{"line":44,"column":34},"end":{"line":44,"column":36}},"9":{"start":{"line":45,"column":28},"end":{"line":45,"column":29}},"10":{"start":{"line":47,"column":4},"end":{"line":98,"column":5}},"11":{"start":{"line":47,"column":17},"end":{"line":47,"column":18}},"12":{"start":{"line":48,"column":22},"end":{"line":48,"column":29}},"13":{"start":{"line":49,"column":21},"end":{"line":49,"column":35}},"14":{"start":{"line":52,"column":6},"end":{"line":59,"column":7}},"15":{"start":{"line":53,"column":25},"end":{"line":53,"column":82}},"16":{"start":{"line":53,"column":61},"end":{"line":53,"column":80}},"17":{"start":{"line":54,"column":21},"end":{"line":54,"column":64}},"18":{"start":{"line":55,"column":8},"end":{"line":58,"column":9}},"19":{"start":{"line":56,"column":24},"end":{"line":56,"column":80}},"20":{"start":{"line":57,"column":10},"end":{"line":57,"column":72}},"21":{"start":{"line":62,"column":6},"end":{"line":95,"column":7}},"22":{"start":{"line":63,"column":23},"end":{"line":63,"column":77}},"23":{"start":{"line":64,"column":8},"end":{"line":94,"column":9}},"24":{"start":{"line":65,"column":25},"end":{"line":65,"column":70}},"25":{"start":{"line":66,"column":25},"end":{"line":78,"column":12}},"26":{"start":{"line":80,"column":10},"end":{"line":93,"column":11}},"27":{"start":{"line":81,"column":25},"end":{"line":83,"column":null}},"28":{"start":{"line":85,"column":12},"end":{"line":92,"column":15}},"29":{"start":{"line":97,"column":6},"end":{"line":97,"column":70}},"30":{"start":{"line":101,"column":4},"end":{"line":110,"column":5}},"31":{"start":{"line":102,"column":19},"end":{"line":102,"column":40}},"32":{"start":{"line":103,"column":6},"end":{"line":106,"column":7}},"33":{"start":{"line":104,"column":21},"end":{"line":104,"column":62}},"34":{"start":{"line":105,"column":8},"end":{"line":105,"column":74}},"35":{"start":{"line":107,"column":6},"end":{"line":109,"column":7}},"36":{"start":{"line":108,"column":8},"end":{"line":108,"column":67}},"37":{"start":{"line":112,"column":4},"end":{"line":116,"column":6}},"38":{"start":{"line":120,"column":40},"end":{"line":120,"column":42}},"39":{"start":{"line":121,"column":4},"end":{"line":123,"column":5}},"40":{"start":{"line":122,"column":6},"end":{"line":122,"column":53}},"41":{"start":{"line":124,"column":4},"end":{"line":124,"column":15}},"42":{"start":{"line":128,"column":4},"end":{"line":128,"column":81}},"43":{"start":{"line":128,"column":54},"end":{"line":128,"column":76}},"44":{"start":{"line":31,"column":0},"end":{"line":31,"column":13}}},"fnMap":{"0":{"name":"(anonymous_0)","decl":{"start":{"line":36,"column":2},"end":{"line":36,"column":14}},"loc":{"start":{"line":36,"column":32},"end":{"line":40,"column":3}}},"1":{"name":"(anonymous_1)","decl":{"start":{"line":42,"column":2},"end":{"line":42,"column":5}},"loc":{"start":{"line":42,"column":41},"end":{"line":117,"column":3}}},"2":{"name":"(anonymous_2)","decl":{"start":{"line":53,"column":54},"end":{"line":53,"column":55}},"loc":{"start":{"line":53,"column":61},"end":{"line":53,"column":80}}},"3":{"name":"(anonymous_3)","decl":{"start":{"line":119,"column":10},"end":{"line":119,"column":23}},"loc":{"start":{"line":119,"column":75},"end":{"line":125,"column":3}}},"4":{"name":"(anonymous_4)","decl":{"start":{"line":127,"column":10},"end":{"line":127,"column":23}},"loc":{"start":{"line":127,"column":59},"end":{"line":129,"column":3}}},"5":{"name":"(anonymous_5)","decl":{"start":{"line":128,"column":42},"end":{"line":128,"column":43}},"loc":{"start":{"line":128,"column":54},"end":{"line":128,"column":76}}}},"branchMap":{"0":{"loc":{"start":{"line":38,"column":16},"end":{"line":38,"column":51}},"type":"binary-expr","locations":[{"start":{"line":38,"column":16},"end":{"line":38,"column":31}},{"start":{"line":38,"column":35},"end":{"line":38,"column":51}}]},"1":{"loc":{"start":{"line":39,"column":21},"end":{"line":39,"column":72}},"type":"binary-expr","locations":[{"start":{"line":39,"column":21},"end":{"line":39,"column":44}},{"start":{"line":39,"column":48},"end":{"line":39,"column":72}}]},"2":{"loc":{"start":{"line":52,"column":6},"end":{"line":59,"column":7}},"type":"if","locations":[{"start":{"line":52,"column":6},"end":{"line":59,"column":7}},{"start":{},"end":{}}]},"3":{"loc":{"start":{"line":55,"column":8},"end":{"line":58,"column":9}},"type":"if","locations":[{"start":{"line":55,"column":8},"end":{"line":58,"column":9}},{"start":{},"end":{}}]},"4":{"loc":{"start":{"line":57,"column":30},"end":{"line":57,"column":71}},"type":"cond-expr","locations":[{"start":{"line":57,"column":46},"end":{"line":57,"column":67}},{"start":{"line":57,"column":70},"end":{"line":57,"column":71}}]},"5":{"loc":{"start":{"line":62,"column":6},"end":{"line":95,"column":7}},"type":"if","locations":[{"start":{"line":62,"column":6},"end":{"line":95,"column":7}},{"start":{},"end":{}}]},"6":{"loc":{"start":{"line":64,"column":8},"end":{"line":94,"column":9}},"type":"if","locations":[{"start":{"line":64,"column":8},"end":{"line":94,"column":9}},{"start":{},"end":{}}]},"7":{"loc":{"start":{"line":64,"column":12},"end":{"line":64,"column":44}},"type":"binary-expr","locations":[{"start":{"line":64,"column":12},"end":{"line":64,"column":18}},{"start":{"line":64,"column":22},"end":{"line":64,"column":44}}]},"8":{"loc":{"start":{"line":80,"column":10},"end":{"line":93,"column":11}},"type":"if","locations":[{"start":{"line":80,"column":10},"end":{"line":93,"column":11}},{"start":{},"end":{}}]},"9":{"loc":{"start":{"line":101,"column":4},"end":{"line":110,"column":5}},"type":"if","locations":[{"start":{"line":101,"column":4},"end":{"line":110,"column":5}},{"start":{},"end":{}}]},"10":{"loc":{"start":{"line":107,"column":6},"end":{"line":109,"column":7}},"type":"if","locations":[{"start":{"line":107,"column":6},"end":{"line":109,"column":7}},{"start":{},"end":{}}]},"11":{"loc":{"start":{"line":107,"column":10},"end":{"line":107,"column":72}},"type":"binary-expr","locations":[{"start":{"line":107,"column":10},"end":{"line":107,"column":46}},{"start":{"line":107,"column":50},"end":{"line":107,"column":72}}]}},"s":{"0":2,"1":2,"2":2,"3":2,"4":6,"5":6,"6":6,"7":11,"8":11,"9":11,"10":11,"11":11,"12":269,"13":269,"14":269,"15":10,"16":10,"17":10,"18":10,"19":9,"20":9,"21":269,"22":268,"23":268,"24":10,"25":10,"26":10,"27":10,"28":10,"29":269,"30":11,"31":11,"32":11,"33":1,"34":1,"35":11,"36":11,"37":11,"38":10,"39":10,"40":0,"41":10,"42":10,"43":0,"44":2},"f":{"0":6,"1":11,"2":10,"3":10,"4":10,"5":0},"b":{"0":[6,6],"1":[6,6],"2":[10,259],"3":[9,1],"4":[0,9],"5":[268,1],"6":[10,258],"7":[268,10],"8":[10,0],"9":[11,0],"10":[11,0],"11":[11,11]}}
,"D:\\github\\poc_trading_application\\src\\engine\\backtest\\data-loader.ts": {"path":"D:\\github\\poc_trading_application\\src\\engine\\backtest\\data-loader.ts","statementMap":{"0":{"start":{"line":3,"column":15},"end":{"line":3,"column":70}},"1":{"start":{"line":9,"column":24},"end":{"line":48,"column":1}},"2":{"start":{"line":10,"column":16},"end":{"line":13,"column":38}},"3":{"start":{"line":12,"column":19},"end":{"line":12,"column":30}},"4":{"start":{"line":13,"column":22},"end":{"line":13,"column":37}},"5":{"start":{"line":15,"column":2},"end":{"line":17,"column":3}},"6":{"start":{"line":16,"column":4},"end":{"line":16,"column":14}},"7":{"start":{"line":19,"column":21},"end":{"line":19,"column":75}},"8":{"start":{"line":19,"column":52},"end":{"line":19,"column":74}},"9":{"start":{"line":20,"column":20},"end":{"line":20,"column":63}},"10":{"start":{"line":20,"column":43},"end":{"line":20,"column":62}},"11":{"start":{"line":21,"column":15},"end":{"line":21,"column":49}},"12":{"start":{"line":23,"column":2},"end":{"line":47,"column":5}},"13":{"start":{"line":24,"column":18},"end":{"line":24,"column":54}},"14":{"start":{"line":24,"column":45},"end":{"line":24,"column":53}},"15":{"start":{"line":25,"column":4},"end":{"line":27,"column":5}},"16":{"start":{"line":26,"column":6},"end":{"line":26,"column":67}},"17":{"start":{"line":29,"column":56},"end":{"line":29,"column":61}},"18":{"start":{"line":30,"column":21},"end":{"line":38,"column":6}},"19":{"start":{"line":40,"column":4},"end":{"line":44,"column":5}},"20":{"start":{"line":41,"column":6},"end":{"line":43,"column":7}},"21":{"start":{"line":42,"column":8},"end":{"line":42,"column":88}},"22":{"start":{"line":46,"column":4},"end":{"line":46,"column":15}},"23":{"start":{"line":9,"column":13},"end":{"line":9,"column":24}}},"fnMap":{"0":{"name":"(anonymous_0)","decl":{"start":{"line":9,"column":24},"end":{"line":9,"column":25}},"loc":{"start":{"line":9,"column":67},"end":{"line":48,"column":1}}},"1":{"name":"(anonymous_1)","decl":{"start":{"line":12,"column":9},"end":{"line":12,"column":10}},"loc":{"start":{"line":12,"column":19},"end":{"line":12,"column":30}}},"2":{"name":"(anonymous_2)","decl":{"start":{"line":13,"column":12},"end":{"line":13,"column":13}},"loc":{"start":{"line":13,"column":22},"end":{"line":13,"column":37}}},"3":{"name":"(anonymous_3)","decl":{"start":{"line":19,"column":45},"end":{"line":19,"column":46}},"loc":{"start":{"line":19,"column":52},"end":{"line":19,"column":74}}},"4":{"name":"(anonymous_4)","decl":{"start":{"line":20,"column":33},"end":{"line":20,"column":34}},"loc":{"start":{"line":20,"column":43},"end":{"line":20,"column":62}}},"5":{"name":"(anonymous_5)","decl":{"start":{"line":23,"column":18},"end":{"line":23,"column":19}},"loc":{"start":{"line":23,"column":34},"end":{"line":47,"column":3}}},"6":{"name":"(anonymous_6)","decl":{"start":{"line":24,"column":38},"end":{"line":24,"column":39}},"loc":{"start":{"line":24,"column":45},"end":{"line":24,"column":53}}}},"branchMap":{"0":{"loc":{"start":{"line":15,"column":2},"end":{"line":17,"column":3}},"type":"if","locations":[{"start":{"line":15,"column":2},"end":{"line":17,"column":3}},{"start":{},"end":{}}]},"1":{"loc":{"start":{"line":21,"column":15},"end":{"line":21,"column":49}},"type":"cond-expr","locations":[{"start":{"line":21,"column":27},"end":{"line":21,"column":41}},{"start":{"line":21,"column":44},"end":{"line":21,"column":49}}]},"2":{"loc":{"start":{"line":25,"column":4},"end":{"line":27,"column":5}},"type":"if","locations":[{"start":{"line":25,"column":4},"end":{"line":27,"column":5}},{"start":{},"end":{}}]},"3":{"loc":{"start":{"line":41,"column":6},"end":{"line":43,"column":7}},"type":"if","locations":[{"start":{"line":41,"column":6},"end":{"line":43,"column":7}},{"start":{},"end":{}}]}},"s":{"0":2,"1":2,"2":11,"3":141,"4":141,"5":11,"6":1,"7":10,"8":57,"9":10,"10":40,"11":10,"12":10,"13":126,"14":753,"15":126,"16":1,"17":125,"18":125,"19":125,"20":621,"21":1,"22":124,"23":2},"f":{"0":11,"1":141,"2":141,"3":57,"4":40,"5":126,"6":753},"b":{"0":[1,10],"1":[6,4],"2":[1,125],"3":[1,620]}}
,"D:\\github\\poc_trading_application\\src\\engine\\backtest\\metrics.ts": {"path":"D:\\github\\poc_trading_application\\src\\engine\\backtest\\metrics.ts","statementMap":{"0":{"start":{"line":16,"column":14},"end":{"line":19,"column":1}},"1":{"start":{"line":17,"column":17},"end":{"line":17,"column":25}},"2":{"start":{"line":18,"column":2},"end":{"line":18,"column":45}},"3":{"start":{"line":22,"column":30},"end":{"line":39,"column":1}},"4":{"start":{"line":23,"column":13},"end":{"line":23,"column":22}},"5":{"start":{"line":24,"column":20},"end":{"line":24,"column":21}},"6":{"start":{"line":26,"column":2},"end":{"line":36,"column":3}},"7":{"start":{"line":27,"column":4},"end":{"line":29,"column":5}},"8":{"start":{"line":28,"column":6},"end":{"line":28,"column":20}},"9":{"start":{"line":30,"column":4},"end":{"line":35,"column":5}},"10":{"start":{"line":31,"column":23},"end":{"line":31,"column":53}},"11":{"start":{"line":32,"column":6},"end":{"line":34,"column":7}},"12":{"start":{"line":33,"column":8},"end":{"line":33,"column":31}},"13":{"start":{"line":38,"column":2},"end":{"line":38,"column":21}},"14":{"start":{"line":22,"column":13},"end":{"line":22,"column":30}},"15":{"start":{"line":42,"column":27},"end":{"line":67,"column":1}},"16":{"start":{"line":43,"column":2},"end":{"line":45,"column":3}},"17":{"start":{"line":44,"column":4},"end":{"line":44,"column":13}},"18":{"start":{"line":47,"column":28},"end":{"line":47,"column":30}},"19":{"start":{"line":48,"column":2},"end":{"line":53,"column":3}},"20":{"start":{"line":48,"column":15},"end":{"line":48,"column":16}},"21":{"start":{"line":49,"column":17},"end":{"line":49,"column":35}},"22":{"start":{"line":50,"column":4},"end":{"line":52,"column":5}},"23":{"start":{"line":51,"column":6},"end":{"line":51,"column":51}},"24":{"start":{"line":55,"column":2},"end":{"line":57,"column":3}},"25":{"start":{"line":56,"column":4},"end":{"line":56,"column":13}},"26":{"start":{"line":59,"column":15},"end":{"line":59,"column":70}},"27":{"start":{"line":59,"column":42},"end":{"line":59,"column":49}},"28":{"start":{"line":60,"column":19},"end":{"line":60,"column":88}},"29":{"start":{"line":60,"column":46},"end":{"line":60,"column":67}},"30":{"start":{"line":61,"column":14},"end":{"line":61,"column":33}},"31":{"start":{"line":62,"column":2},"end":{"line":64,"column":3}},"32":{"start":{"line":63,"column":4},"end":{"line":63,"column":13}},"33":{"start":{"line":66,"column":2},"end":{"line":66,"column":50}},"34":{"start":{"line":42,"column":13},"end":{"line":42,"column":27}},"35":{"start":{"line":69,"column":30},"end":{"line":95,"column":1}},"36":{"start":{"line":74,"column":22},"end":{"line":74,"column":95}},"37":{"start":{"line":76,"column":15},"end":{"line":76,"column":52}},"38":{"start":{"line":76,"column":42},"end":{"line":76,"column":51}},"39":{"start":{"line":77,"column":17},"end":{"line":77,"column":54}},"40":{"start":{"line":77,"column":44},"end":{"line":77,"column":53}},"41":{"start":{"line":78,"column":22},"end":{"line":78,"column":61}},"42":{"start":{"line":78,"column":46},"end":{"line":78,"column":57}},"43":{"start":{"line":79,"column":20},"end":{"line":79,"column":71}},"44":{"start":{"line":79,"column":55},"end":{"line":79,"column":66}},"45":{"start":{"line":81,"column":23},"end":{"line":81,"column":99}},"46":{"start":{"line":83,"column":2},"end":{"line":94,"column":4}},"47":{"start":{"line":69,"column":13},"end":{"line":69,"column":30}}},"fnMap":{"0":{"name":"(anonymous_0)","decl":{"start":{"line":16,"column":14},"end":{"line":16,"column":15}},"loc":{"start":{"line":16,"column":48},"end":{"line":19,"column":1}}},"1":{"name":"(anonymous_1)","decl":{"start":{"line":22,"column":30},"end":{"line":22,"column":31}},"loc":{"start":{"line":22,"column":64},"end":{"line":39,"column":1}}},"2":{"name":"(anonymous_2)","decl":{"start":{"line":42,"column":27},"end":{"line":42,"column":28}},"loc":{"start":{"line":42,"column":83},"end":{"line":67,"column":1}}},"3":{"name":"(anonymous_3)","decl":{"start":{"line":59,"column":30},"end":{"line":59,"column":31}},"loc":{"start":{"line":59,"column":42},"end":{"line":59,"column":49}}},"4":{"name":"(anonymous_4)","decl":{"start":{"line":60,"column":34},"end":{"line":60,"column":35}},"loc":{"start":{"line":60,"column":46},"end":{"line":60,"column":67}}},"5":{"name":"(anonymous_5)","decl":{"start":{"line":69,"column":30},"end":{"line":69,"column":null}},"loc":{"start":{"line":73,"column":21},"end":{"line":95,"column":1}}},"6":{"name":"(anonymous_6)","decl":{"start":{"line":76,"column":35},"end":{"line":76,"column":36}},"loc":{"start":{"line":76,"column":42},"end":{"line":76,"column":51}}},"7":{"name":"(anonymous_7)","decl":{"start":{"line":77,"column":37},"end":{"line":77,"column":38}},"loc":{"start":{"line":77,"column":44},"end":{"line":77,"column":53}}},"8":{"name":"(anonymous_8)","decl":{"start":{"line":78,"column":34},"end":{"line":78,"column":35}},"loc":{"start":{"line":78,"column":46},"end":{"line":78,"column":57}}},"9":{"name":"(anonymous_9)","decl":{"start":{"line":79,"column":43},"end":{"line":79,"column":44}},"loc":{"start":{"line":79,"column":55},"end":{"line":79,"column":66}}}},"branchMap":{"0":{"loc":{"start":{"line":16,"column":30},"end":{"line":16,"column":36}},"type":"default-arg","locations":[{"start":{"line":16,"column":35},"end":{"line":16,"column":36}}]},"1":{"loc":{"start":{"line":27,"column":4},"end":{"line":29,"column":5}},"type":"if","locations":[{"start":{"line":27,"column":4},"end":{"line":29,"column":5}},{"start":{},"end":{}}]},"2":{"loc":{"start":{"line":30,"column":4},"end":{"line":35,"column":5}},"type":"if","locations":[{"start":{"line":30,"column":4},"end":{"line":35,"column":5}},{"start":{},"end":{}}]},"3":{"loc":{"start":{"line":32,"column":6},"end":{"line":34,"column":7}},"type":"if","locations":[{"start":{"line":32,"column":6},"end":{"line":34,"column":7}},{"start":{},"end":{}}]},"4":{"loc":{"start":{"line":42,"column":51},"end":{"line":42,"column":71}},"type":"default-arg","locations":[{"start":{"line":42,"column":68},"end":{"line":42,"column":71}}]},"5":{"loc":{"start":{"line":43,"column":2},"end":{"line":45,"column":3}},"type":"if","locations":[{"start":{"line":43,"column":2},"end":{"line":45,"column":3}},{"start":{},"end":{}}]},"6":{"loc":{"start":{"line":50,"column":4},"end":{"line":52,"column":5}},"type":"if","locations":[{"start":{"line":50,"column":4},"end":{"line":52,"column":5}},{"start":{},"end":{}}]},"7":{"loc":{"start":{"line":55,"column":2},"end":{"line":57,"column":3}},"type":"if","locations":[{"start":{"line":55,"column":2},"end":{"line":57,"column":3}},{"start":{},"end":{}}]},"8":{"loc":{"start":{"line":62,"column":2},"end":{"line":64,"column":3}},"type":"if","locations":[{"start":{"line":62,"column":2},"end":{"line":64,"column":3}},{"start":{},"end":{}}]},"9":{"loc":{"start":{"line":74,"column":22},"end":{"line":74,"column":95}},"type":"cond-expr","locations":[{"start":{"line":74,"column":43},"end":{"line":74,"column":78}},{"start":{"line":74,"column":81},"end":{"line":74,"column":95}}]},"10":{"loc":{"start":{"line":81,"column":23},"end":{"line":81,"column":99}},"type":"cond-expr","locations":[{"start":{"line":81,"column":42},"end":{"line":81,"column":72}},{"start":{"line":81,"column":76},"end":{"line":81,"column":99}}]},"11":{"loc":{"start":{"line":81,"column":42},"end":{"line":81,"column":72}},"type":"cond-expr","locations":[{"start":{"line":81,"column":60},"end":{"line":81,"column":68}},{"start":{"line":81,"column":71},"end":{"line":81,"column":72}}]},"12":{"loc":{"start":{"line":90,"column":16},"end":{"line":90,"column":90}},"type":"cond-expr","locations":[{"start":{"line":90,"column":38},"end":{"line":90,"column":86}},{"start":{"line":90,"column":89},"end":{"line":90,"column":90}}]},"13":{"loc":{"start":{"line":91,"column":18},"end":{"line":91,"column":84}},"type":"cond-expr","locations":[{"start":{"line":91,"column":50},"end":{"line":91,"column":69}},{"start":{"line":91,"column":72},"end":{"line":91,"column":84}}]}},"s":{"0":3,"1":85,"2":85,"3":3,"4":16,"5":16,"6":16,"7":283,"8":32,"9":283,"10":283,"11":283,"12":12,"13":16,"14":3,"15":3,"16":17,"17":2,"18":15,"19":15,"20":15,"21":267,"22":267,"23":267,"24":15,"25":0,"26":15,"27":267,"28":15,"29":267,"30":15,"31":15,"32":3,"33":12,"34":3,"35":3,"36":14,"37":14,"38":14,"39":14,"40":14,"41":14,"42":13,"43":14,"44":1,"45":14,"46":14,"47":3},"f":{"0":85,"1":16,"2":17,"3":267,"4":267,"5":14,"6":14,"7":14,"8":13,"9":1},"b":{"0":[85],"1":[32,251],"2":[283,0],"3":[12,271],"4":[17],"5":[2,15],"6":[267,0],"7":[0,15],"8":[3,12],"9":[14,0],"10":[13,1],"11":[11,2],"12":[12,2],"13":[3,11]}}
,"D:\\github\\poc_trading_application\\src\\engine\\execution\\execution-simulator.ts": {"path":"D:\\github\\poc_trading_application\\src\\engine\\execution\\execution-simulator.ts","statementMap":{"0":{"start":{"line":11,"column":13},"end":{"line":14,"column":2}},"1":{"start":{"line":30,"column":4},"end":{"line":30,"column":61}},"2":{"start":{"line":34,"column":4},"end":{"line":34,"column":69}},"3":{"start":{"line":39,"column":17},"end":{"line":39,"column":35}},"4":{"start":{"line":41,"column":6},"end":{"line":41,"column":87}},"5":{"start":{"line":43,"column":4},"end":{"line":43,"column":65}},"6":{"start":{"line":51,"column":17},"end":{"line":51,"column":35}},"7":{"start":{"line":53,"column":4},"end":{"line":61,"column":5}},"8":{"start":{"line":54,"column":6},"end":{"line":56,"column":7}},"9":{"start":{"line":55,"column":8},"end":{"line":55,"column":69}},"10":{"start":{"line":57,"column":6},"end":{"line":59,"column":7}},"11":{"start":{"line":58,"column":8},"end":{"line":58,"column":73}},"12":{"start":{"line":60,"column":6},"end":{"line":60,"column":18}},"13":{"start":{"line":64,"column":4},"end":{"line":66,"column":5}},"14":{"start":{"line":65,"column":6},"end":{"line":65,"column":67}},"15":{"start":{"line":67,"column":4},"end":{"line":69,"column":5}},"16":{"start":{"line":68,"column":6},"end":{"line":68,"column":71}},"17":{"start":{"line":70,"column":4},"end":{"line":70,"column":16}},"18":{"start":{"line":75,"column":17},"end":{"line":75,"column":35}},"19":{"start":{"line":76,"column":18},"end":{"line":76,"column":92}},"20":{"start":{"line":77,"column":4},"end":{"line":77,"column":38}},"21":{"start":{"line":26,"column":0},"end":{"line":26,"column":13}}},"fnMap":{"0":{"name":"(anonymous_0)","decl":{"start":{"line":29,"column":2},"end":{"line":29,"column":14}},"loc":{"start":{"line":29,"column":51},"end":{"line":31,"column":3}}},"1":{"name":"(anonymous_1)","decl":{"start":{"line":33,"column":10},"end":{"line":33,"column":21}},"loc":{"start":{"line":33,"column":21},"end":{"line":35,"column":3}}},"2":{"name":"(anonymous_2)","decl":{"start":{"line":38,"column":2},"end":{"line":38,"column":11}},"loc":{"start":{"line":38,"column":55},"end":{"line":44,"column":3}}},"3":{"name":"(anonymous_3)","decl":{"start":{"line":50,"column":2},"end":{"line":50,"column":11}},"loc":{"start":{"line":50,"column":49},"end":{"line":71,"column":3}}},"4":{"name":"(anonymous_4)","decl":{"start":{"line":74,"column":2},"end":{"line":74,"column":12}},"loc":{"start":{"line":74,"column":50},"end":{"line":78,"column":3}}}},"branchMap":{"0":{"loc":{"start":{"line":29,"column":14},"end":{"line":29,"column":51}},"type":"default-arg","locations":[{"start":{"line":29,"column":49},"end":{"line":29,"column":51}}]},"1":{"loc":{"start":{"line":41,"column":6},"end":{"line":41,"column":87}},"type":"cond-expr","locations":[{"start":{"line":41,"column":30},"end":{"line":41,"column":57}},{"start":{"line":41,"column":60},"end":{"line":41,"column":87}}]},"2":{"loc":{"start":{"line":53,"column":4},"end":{"line":61,"column":5}},"type":"if","locations":[{"start":{"line":53,"column":4},"end":{"line":61,"column":5}},{"start":{},"end":{}}]},"3":{"loc":{"start":{"line":54,"column":6},"end":{"line":56,"column":7}},"type":"if","locations":[{"start":{"line":54,"column":6},"end":{"line":56,"column":7}},{"start":{},"end":{}}]},"4":{"loc":{"start":{"line":57,"column":6},"end":{"line":59,"column":7}},"type":"if","locations":[{"start":{"line":57,"column":6},"end":{"line":59,"column":7}},{"start":{},"end":{}}]},"5":{"loc":{"start":{"line":64,"column":4},"end":{"line":66,"column":5}},"type":"if","locations":[{"start":{"line":64,"column":4},"end":{"line":66,"column":5}},{"start":{},"end":{}}]},"6":{"loc":{"start":{"line":67,"column":4},"end":{"line":69,"column":5}},"type":"if","locations":[{"start":{"line":67,"column":4},"end":{"line":69,"column":5}},{"start":{},"end":{}}]},"7":{"loc":{"start":{"line":76,"column":18},"end":{"line":76,"column":92}},"type":"cond-expr","locations":[{"start":{"line":76,"column":45},"end":{"line":76,"column":67}},{"start":{"line":76,"column":70},"end":{"line":76,"column":92}}]}},"s":{"0":3,"1":7,"2":32,"3":12,"4":12,"5":12,"6":17,"7":17,"8":14,"9":2,"10":12,"11":10,"12":2,"13":3,"14":1,"15":2,"16":1,"17":1,"18":3,"19":3,"20":3,"21":3},"f":{"0":7,"1":32,"2":12,"3":17,"4":3},"b":{"0":[6],"1":[11,1],"2":[14,3],"3":[2,12],"4":[10,2],"5":[1,2],"6":[1,1],"7":[2,1]}}
,"D:\\github\\poc_trading_application\\src\\engine\\integration\\signal-adapter.ts": {"path":"D:\\github\\poc_trading_application\\src\\engine\\integration\\signal-adapter.ts","statementMap":{"0":{"start":{"line":18,"column":14},"end":{"line":18,"column":63}},"1":{"start":{"line":18,"column":41},"end":{"line":18,"column":63}},"2":{"start":{"line":21,"column":33},"end":{"line":44,"column":1}},"3":{"start":{"line":25,"column":15},"end":{"line":25,"column":51}},"4":{"start":{"line":26,"column":17},"end":{"line":26,"column":55}},"5":{"start":{"line":27,"column":21},"end":{"line":27,"column":75}},"6":{"start":{"line":29,"column":19},"end":{"line":29,"column":76}},"7":{"start":{"line":31,"column":2},"end":{"line":43,"column":4}},"8":{"start":{"line":21,"column":13},"end":{"line":21,"column":33}}},"fnMap":{"0":{"name":"(anonymous_0)","decl":{"start":{"line":18,"column":14},"end":{"line":18,"column":15}},"loc":{"start":{"line":18,"column":41},"end":{"line":18,"column":63}}},"1":{"name":"(anonymous_1)","decl":{"start":{"line":21,"column":33},"end":{"line":21,"column":null}},"loc":{"start":{"line":24,"column":25},"end":{"line":44,"column":1}}}},"branchMap":{"0":{"loc":{"start":{"line":27,"column":21},"end":{"line":27,"column":75}},"type":"cond-expr","locations":[{"start":{"line":27,"column":34},"end":{"line":27,"column":39}},{"start":{"line":27,"column":42},"end":{"line":27,"column":75}}]},"1":{"loc":{"start":{"line":29,"column":19},"end":{"line":29,"column":76}},"type":"cond-expr","locations":[{"start":{"line":29,"column":38},"end":{"line":29,"column":71}},{"start":{"line":29,"column":74},"end":{"line":29,"column":76}}]},"2":{"loc":{"start":{"line":34,"column":10},"end":{"line":34,"column":51}},"type":"cond-expr","locations":[{"start":{"line":34,"column":35},"end":{"line":34,"column":41}},{"start":{"line":34,"column":44},"end":{"line":34,"column":51}}]}},"s":{"0":2,"1":12,"2":2,"3":4,"4":4,"5":4,"6":4,"7":4,"8":2},"f":{"0":12,"1":4},"b":{"0":[1,3],"1":[2,2],"2":[4,0]}}
,"D:\\github\\poc_trading_application\\src\\engine\\market\\bar.ts": {"path":"D:\\github\\poc_trading_application\\src\\engine\\market\\bar.ts","statementMap":{"0":{"start":{"line":11,"column":28},"end":{"line":11,"column":86}},"1":{"start":{"line":11,"column":50},"end":{"line":11,"column":86}},"2":{"start":{"line":11,"column":13},"end":{"line":11,"column":28}}},"fnMap":{"0":{"name":"(anonymous_0)","decl":{"start":{"line":11,"column":28},"end":{"line":11,"column":29}},"loc":{"start":{"line":11,"column":50},"end":{"line":11,"column":86}}}},"branchMap":{},"s":{"0":5,"1":2027,"2":5},"f":{"0":2027},"b":{}}
,"D:\\github\\poc_trading_application\\src\\engine\\market\\indicators.ts": {"path":"D:\\github\\poc_trading_application\\src\\engine\\market\\indicators.ts","statementMap":{"0":{"start":{"line":1,"column":0},"end":{"line":1,"column":42}},"1":{"start":{"line":7,"column":27},"end":{"line":21,"column":1}},"2":{"start":{"line":8,"column":30},"end":{"line":8,"column":31}},"3":{"start":{"line":9,"column":25},"end":{"line":9,"column":26}},"4":{"start":{"line":11,"column":2},"end":{"line":14,"column":3}},"5":{"start":{"line":12,"column":4},"end":{"line":12,"column":60}},"6":{"start":{"line":13,"column":4},"end":{"line":13,"column":35}},"7":{"start":{"line":16,"column":2},"end":{"line":18,"column":3}},"8":{"start":{"line":17,"column":4},"end":{"line":17,"column":16}},"9":{"start":{"line":20,"column":2},"end":{"line":20,"column":50}},"10":{"start":{"line":7,"column":13},"end":{"line":7,"column":27}},"11":{"start":{"line":27,"column":29},"end":{"line":40,"column":1}},"12":{"start":{"line":28,"column":2},"end":{"line":30,"column":3}},"13":{"start":{"line":29,"column":4},"end":{"line":29,"column":16}},"14":{"start":{"line":32,"column":16},"end":{"line":32,"column":33}},"15":{"start":{"line":33,"column":2},"end":{"line":35,"column":3}},"16":{"start":{"line":34,"column":4},"end":{"line":34,"column":16}},"17":{"start":{"line":37,"column":17},"end":{"line":37,"column":39}},"18":{"start":{"line":38,"column":16},"end":{"line":38,"column":64}},"19":{"start":{"line":38,"column":44},"end":{"line":38,"column":60}},"20":{"start":{"line":39,"column":2},"end":{"line":39,"column":26}},"21":{"start":{"line":27,"column":13},"end":{"line":27,"column":29}},"22":{"start":{"line":43,"column":25},"end":{"line":50,"column":1}},"23":{"start":{"line":44,"column":2},"end":{"line":46,"column":3}},"24":{"start":{"line":45,"column":4},"end":{"line":45,"column":16}},"25":{"start":{"line":48,"column":17},"end":{"line":48,"column":38}},"26":{"start":{"line":49,"column":2},"end":{"line":49,"column":51}},"27":{"start":{"line":49,"column":41},"end":{"line":49,"column":48}},"28":{"start":{"line":43,"column":13},"end":{"line":43,"column":25}}},"fnMap":{"0":{"name":"(anonymous_0)","decl":{"start":{"line":7,"column":27},"end":{"line":7,"column":28}},"loc":{"start":{"line":7,"column":58},"end":{"line":21,"column":1}}},"1":{"name":"(anonymous_1)","decl":{"start":{"line":27,"column":29},"end":{"line":27,"column":30}},"loc":{"start":{"line":27,"column":78},"end":{"line":40,"column":1}}},"2":{"name":"(anonymous_2)","decl":{"start":{"line":38,"column":30},"end":{"line":38,"column":31}},"loc":{"start":{"line":38,"column":44},"end":{"line":38,"column":60}}},"3":{"name":"(anonymous_3)","decl":{"start":{"line":43,"column":25},"end":{"line":43,"column":26}},"loc":{"start":{"line":43,"column":74},"end":{"line":50,"column":1}}},"4":{"name":"(anonymous_4)","decl":{"start":{"line":49,"column":32},"end":{"line":49,"column":33}},"loc":{"start":{"line":49,"column":41},"end":{"line":49,"column":48}}}},"branchMap":{"0":{"loc":{"start":{"line":16,"column":2},"end":{"line":18,"column":3}},"type":"if","locations":[{"start":{"line":16,"column":2},"end":{"line":18,"column":3}},{"start":{},"end":{}}]},"1":{"loc":{"start":{"line":28,"column":2},"end":{"line":30,"column":3}},"type":"if","locations":[{"start":{"line":28,"column":2},"end":{"line":30,"column":3}},{"start":{},"end":{}}]},"2":{"loc":{"start":{"line":33,"column":2},"end":{"line":35,"column":3}},"type":"if","locations":[{"start":{"line":33,"column":2},"end":{"line":35,"column":3}},{"start":{},"end":{}}]},"3":{"loc":{"start":{"line":44,"column":2},"end":{"line":46,"column":3}},"type":"if","locations":[{"start":{"line":44,"column":2},"end":{"line":46,"column":3}},{"start":{},"end":{}}]},"4":{"loc":{"start":{"line":44,"column":6},"end":{"line":44,"column":40}},"type":"binary-expr","locations":[{"start":{"line":44,"column":6},"end":{"line":44,"column":19}},{"start":{"line":44,"column":23},"end":{"line":44,"column":40}}]}},"s":{"0":5,"1":5,"2":90,"3":90,"4":90,"5":2027,"6":2027,"7":90,"8":1,"9":89,"10":5,"11":5,"12":18,"13":1,"14":17,"15":17,"16":1,"17":16,"18":16,"19":303,"20":16,"21":5,"22":5,"23":16,"24":1,"25":15,"26":15,"27":72,"28":5},"f":{"0":90,"1":18,"2":303,"3":16,"4":72},"b":{"0":[1,89],"1":[1,17],"2":[1,16],"3":[1,15],"4":[16,16]}}
,"D:\\github\\poc_trading_application\\src\\engine\\portfolio\\portfolio.ts": {"path":"D:\\github\\poc_trading_application\\src\\engine\\portfolio\\portfolio.ts","statementMap":{"0":{"start":{"line":30,"column":26},"end":{"line":30,"column":57}},"1":{"start":{"line":31,"column":43},"end":{"line":31,"column":45}},"2":{"start":{"line":34,"column":4},"end":{"line":34,"column":36}},"3":{"start":{"line":38,"column":4},"end":{"line":38,"column":28}},"4":{"start":{"line":42,"column":4},"end":{"line":42,"column":35}},"5":{"start":{"line":46,"column":4},"end":{"line":46,"column":28}},"6":{"start":{"line":50,"column":4},"end":{"line":50,"column":33}},"7":{"start":{"line":54,"column":4},"end":{"line":56,"column":5}},"8":{"start":{"line":55,"column":6},"end":{"line":55,"column":74}},"9":{"start":{"line":57,"column":4},"end":{"line":59,"column":5}},"10":{"start":{"line":58,"column":6},"end":{"line":58,"column":70}},"11":{"start":{"line":60,"column":17},"end":{"line":60,"column":54}},"12":{"start":{"line":61,"column":4},"end":{"line":63,"column":5}},"13":{"start":{"line":62,"column":6},"end":{"line":62,"column":60}},"14":{"start":{"line":64,"column":4},"end":{"line":64,"column":29}},"15":{"start":{"line":65,"column":4},"end":{"line":65,"column":45}},"16":{"start":{"line":69,"column":21},"end":{"line":69,"column":42}},"17":{"start":{"line":70,"column":4},"end":{"line":72,"column":5}},"18":{"start":{"line":71,"column":6},"end":{"line":71,"column":56}},"19":{"start":{"line":74,"column":4},"end":{"line":74,"column":52}},"20":{"start":{"line":75,"column":4},"end":{"line":75,"column":29}},"21":{"start":{"line":77,"column":16},"end":{"line":77,"column":67}},"22":{"start":{"line":78,"column":22},"end":{"line":78,"column":85}},"23":{"start":{"line":79,"column":31},"end":{"line":88,"column":6}},"24":{"start":{"line":89,"column":4},"end":{"line":89,"column":28}},"25":{"start":{"line":90,"column":4},"end":{"line":90,"column":17}},"26":{"start":{"line":95,"column":22},"end":{"line":95,"column":23}},"27":{"start":{"line":96,"column":4},"end":{"line":99,"column":5}},"28":{"start":{"line":97,"column":20},"end":{"line":97,"column":70}},"29":{"start":{"line":98,"column":6},"end":{"line":98,"column":45}},"30":{"start":{"line":100,"column":4},"end":{"line":100,"column":42}},"31":{"start":{"line":28,"column":0},"end":{"line":28,"column":13}}},"fnMap":{"0":{"name":"(anonymous_0)","decl":{"start":{"line":33,"column":2},"end":{"line":33,"column":14}},"loc":{"start":{"line":33,"column":34},"end":{"line":35,"column":3}}},"1":{"name":"(anonymous_1)","decl":{"start":{"line":37,"column":2},"end":{"line":37,"column":6}},"loc":{"start":{"line":37,"column":10},"end":{"line":39,"column":3}}},"2":{"name":"(anonymous_2)","decl":{"start":{"line":41,"column":2},"end":{"line":41,"column":6}},"loc":{"start":{"line":41,"column":19},"end":{"line":43,"column":3}}},"3":{"name":"(anonymous_3)","decl":{"start":{"line":45,"column":2},"end":{"line":45,"column":6}},"loc":{"start":{"line":45,"column":18},"end":{"line":47,"column":3}}},"4":{"name":"(anonymous_4)","decl":{"start":{"line":49,"column":2},"end":{"line":49,"column":13}},"loc":{"start":{"line":49,"column":28},"end":{"line":51,"column":3}}},"5":{"name":"(anonymous_5)","decl":{"start":{"line":53,"column":2},"end":{"line":53,"column":14}},"loc":{"start":{"line":53,"column":37},"end":{"line":66,"column":3}}},"6":{"name":"(anonymous_6)","decl":{"start":{"line":68,"column":2},"end":{"line":68,"column":15}},"loc":{"start":{"line":68,"column":69},"end":{"line":91,"column":3}}},"7":{"name":"(anonymous_7)","decl":{"start":{"line":94,"column":2},"end":{"line":94,"column":8}},"loc":{"start":{"line":94,"column":43},"end":{"line":101,"column":3}}}},"branchMap":{"0":{"loc":{"start":{"line":54,"column":4},"end":{"line":56,"column":5}},"type":"if","locations":[{"start":{"line":54,"column":4},"end":{"line":56,"column":5}},{"start":{},"end":{}}]},"1":{"loc":{"start":{"line":57,"column":4},"end":{"line":59,"column":5}},"type":"if","locations":[{"start":{"line":57,"column":4},"end":{"line":59,"column":5}},{"start":{},"end":{}}]},"2":{"loc":{"start":{"line":61,"column":4},"end":{"line":63,"column":5}},"type":"if","locations":[{"start":{"line":61,"column":4},"end":{"line":63,"column":5}},{"start":{},"end":{}}]},"3":{"loc":{"start":{"line":70,"column":4},"end":{"line":72,"column":5}},"type":"if","locations":[{"start":{"line":70,"column":4},"end":{"line":72,"column":5}},{"start":{},"end":{}}]},"4":{"loc":{"start":{"line":97,"column":20},"end":{"line":97,"column":70}},"type":"binary-expr","locations":[{"start":{"line":97,"column":20},"end":{"line":97,"column":47}},{"start":{"line":97,"column":51},"end":{"line":97,"column":70}}]}},"s":{"0":20,"1":20,"2":20,"3":3,"4":62,"5":23,"6":539,"7":19,"8":1,"9":18,"10":1,"11":17,"12":17,"13":1,"14":16,"15":16,"16":13,"17":13,"18":1,"19":12,"20":12,"21":12,"22":12,"23":12,"24":12,"25":12,"26":292,"27":292,"28":13,"29":13,"30":292,"31":3},"f":{"0":20,"1":3,"2":62,"3":23,"4":539,"5":19,"6":13,"7":292},"b":{"0":[1,18],"1":[1,17],"2":[1,16],"3":[1,12],"4":[13,1]}}
,"D:\\github\\poc_trading_application\\src\\engine\\risk\\risk-engine.ts": {"path":"D:\\github\\poc_trading_application\\src\\engine\\risk\\risk-engine.ts","statementMap":{"0":{"start":{"line":15,"column":13},"end":{"line":22,"column":2}},"1":{"start":{"line":51,"column":15},"end":{"line":57,"column":2}},"2":{"start":{"line":51,"column":52},"end":{"line":57,"column":2}},"3":{"start":{"line":61,"column":28},"end":{"line":61,"column":65}},"4":{"start":{"line":63,"column":4},"end":{"line":65,"column":5}},"5":{"start":{"line":64,"column":6},"end":{"line":64,"column":81}},"6":{"start":{"line":67,"column":4},"end":{"line":69,"column":5}},"7":{"start":{"line":68,"column":6},"end":{"line":68,"column":48}},"8":{"start":{"line":71,"column":4},"end":{"line":73,"column":5}},"9":{"start":{"line":72,"column":6},"end":{"line":72,"column":53}},"10":{"start":{"line":75,"column":25},"end":{"line":75,"column":61}},"11":{"start":{"line":76,"column":4},"end":{"line":78,"column":5}},"12":{"start":{"line":77,"column":6},"end":{"line":77,"column":57}},"13":{"start":{"line":80,"column":23},"end":{"line":80,"column":71}},"14":{"start":{"line":81,"column":23},"end":{"line":81,"column":60}},"15":{"start":{"line":83,"column":23},"end":{"line":85,"column":null}},"16":{"start":{"line":87,"column":23},"end":{"line":89,"column":null}},"17":{"start":{"line":92,"column":25},"end":{"line":92,"column":62}},"18":{"start":{"line":93,"column":25},"end":{"line":93,"column":62}},"19":{"start":{"line":95,"column":19},"end":{"line":95,"column":67}},"20":{"start":{"line":96,"column":4},"end":{"line":98,"column":5}},"21":{"start":{"line":97,"column":6},"end":{"line":97,"column":68}},"22":{"start":{"line":100,"column":4},"end":{"line":106,"column":6}},"23":{"start":{"line":59,"column":0},"end":{"line":59,"column":13}}},"fnMap":{"0":{"name":"(anonymous_0)","decl":{"start":{"line":51,"column":15},"end":{"line":51,"column":16}},"loc":{"start":{"line":51,"column":52},"end":{"line":57,"column":2}}},"1":{"name":"(anonymous_1)","decl":{"start":{"line":60,"column":2},"end":{"line":60,"column":14}},"loc":{"start":{"line":60,"column":63},"end":{"line":107,"column":3}}}},"branchMap":{"0":{"loc":{"start":{"line":63,"column":4},"end":{"line":65,"column":5}},"type":"if","locations":[{"start":{"line":63,"column":4},"end":{"line":65,"column":5}},{"start":{},"end":{}}]},"1":{"loc":{"start":{"line":67,"column":4},"end":{"line":69,"column":5}},"type":"if","locations":[{"start":{"line":67,"column":4},"end":{"line":69,"column":5}},{"start":{},"end":{}}]},"2":{"loc":{"start":{"line":71,"column":4},"end":{"line":73,"column":5}},"type":"if","locations":[{"start":{"line":71,"column":4},"end":{"line":73,"column":5}},{"start":{},"end":{}}]},"3":{"loc":{"start":{"line":76,"column":4},"end":{"line":78,"column":5}},"type":"if","locations":[{"start":{"line":76,"column":4},"end":{"line":78,"column":5}},{"start":{},"end":{}}]},"4":{"loc":{"start":{"line":85,"column":63},"end":{"line":85,"column":105}},"type":"binary-expr","locations":[{"start":{"line":85,"column":63},"end":{"line":85,"column":100}},{"start":{"line":85,"column":104},"end":{"line":85,"column":105}}]},"5":{"loc":{"start":{"line":89,"column":63},"end":{"line":89,"column":98}},"type":"binary-expr","locations":[{"start":{"line":89,"column":63},"end":{"line":89,"column":93}},{"start":{"line":89,"column":97},"end":{"line":89,"column":98}}]},"6":{"loc":{"start":{"line":96,"column":4},"end":{"line":98,"column":5}},"type":"if","locations":[{"start":{"line":96,"column":4},"end":{"line":98,"column":5}},{"start":{},"end":{}}]}},"s":{"0":4,"1":4,"2":6,"3":21,"4":21,"5":1,"6":20,"7":1,"8":19,"9":1,"10":18,"11":18,"12":1,"13":17,"14":17,"15":17,"16":17,"17":17,"18":17,"19":17,"20":17,"21":2,"22":15,"23":4},"f":{"0":6,"1":21},"b":{"0":[1,20],"1":[1,19],"2":[1,18],"3":[1,17],"4":[17,15],"5":[17,6],"6":[2,15]}}
,"D:\\github\\poc_trading_application\\src\\engine\\strategy\\vwap-reclaim.strategy.ts": {"path":"D:\\github\\poc_trading_application\\src\\engine\\strategy\\vwap-reclaim.strategy.ts","statementMap":{"0":{"start":{"line":1,"column":0},"end":{"line":1,"column":77}},"1":{"start":{"line":15,"column":13},"end":{"line":20,"column":2}},"2":{"start":{"line":27,"column":18},"end":{"line":27,"column":32}},"3":{"start":{"line":31,"column":4},"end":{"line":31,"column":64}},"4":{"start":{"line":35,"column":21},"end":{"line":35,"column":24}},"5":{"start":{"line":36,"column":4},"end":{"line":38,"column":5}},"6":{"start":{"line":37,"column":6},"end":{"line":37,"column":18}},"7":{"start":{"line":40,"column":20},"end":{"line":40,"column":41}},"8":{"start":{"line":41,"column":21},"end":{"line":41,"column":42}},"9":{"start":{"line":43,"column":20},"end":{"line":43,"column":37}},"10":{"start":{"line":44,"column":21},"end":{"line":44,"column":51}},"11":{"start":{"line":45,"column":4},"end":{"line":47,"column":5}},"12":{"start":{"line":46,"column":6},"end":{"line":46,"column":18}},"13":{"start":{"line":49,"column":22},"end":{"line":49,"column":74}},"14":{"start":{"line":50,"column":4},"end":{"line":52,"column":5}},"15":{"start":{"line":51,"column":6},"end":{"line":51,"column":18}},"16":{"start":{"line":54,"column":27},"end":{"line":54,"column":74}},"17":{"start":{"line":55,"column":4},"end":{"line":57,"column":5}},"18":{"start":{"line":56,"column":6},"end":{"line":56,"column":18}},"19":{"start":{"line":59,"column":24},"end":{"line":59,"column":55}},"20":{"start":{"line":60,"column":4},"end":{"line":62,"column":5}},"21":{"start":{"line":61,"column":6},"end":{"line":61,"column":18}},"22":{"start":{"line":64,"column":17},"end":{"line":64,"column":58}},"23":{"start":{"line":65,"column":4},"end":{"line":67,"column":5}},"24":{"start":{"line":66,"column":6},"end":{"line":66,"column":18}},"25":{"start":{"line":69,"column":18},"end":{"line":69,"column":31}},"26":{"start":{"line":70,"column":17},"end":{"line":70,"column":29}},"27":{"start":{"line":71,"column":19},"end":{"line":71,"column":61}},"28":{"start":{"line":73,"column":4},"end":{"line":81,"column":6}},"29":{"start":{"line":85,"column":24},"end":{"line":85,"column":112}},"30":{"start":{"line":86,"column":26},"end":{"line":86,"column":67}},"31":{"start":{"line":87,"column":16},"end":{"line":87,"column":58}},"32":{"start":{"line":88,"column":4},"end":{"line":88,"column":55}},"33":{"start":{"line":26,"column":0},"end":{"line":26,"column":13}}},"fnMap":{"0":{"name":"(anonymous_0)","decl":{"start":{"line":30,"column":2},"end":{"line":30,"column":14}},"loc":{"start":{"line":30,"column":53},"end":{"line":32,"column":3}}},"1":{"name":"(anonymous_1)","decl":{"start":{"line":34,"column":2},"end":{"line":34,"column":10}},"loc":{"start":{"line":34,"column":31},"end":{"line":82,"column":3}}},"2":{"name":"(anonymous_2)","decl":{"start":{"line":84,"column":10},"end":{"line":84,"column":20}},"loc":{"start":{"line":84,"column":69},"end":{"line":89,"column":3}}}},"branchMap":{"0":{"loc":{"start":{"line":30,"column":14},"end":{"line":30,"column":53}},"type":"default-arg","locations":[{"start":{"line":30,"column":51},"end":{"line":30,"column":53}}]},"1":{"loc":{"start":{"line":36,"column":4},"end":{"line":38,"column":5}},"type":"if","locations":[{"start":{"line":36,"column":4},"end":{"line":38,"column":5}},{"start":{},"end":{}}]},"2":{"loc":{"start":{"line":45,"column":4},"end":{"line":47,"column":5}},"type":"if","locations":[{"start":{"line":45,"column":4},"end":{"line":47,"column":5}},{"start":{},"end":{}}]},"3":{"loc":{"start":{"line":45,"column":8},"end":{"line":45,"column":45}},"type":"binary-expr","locations":[{"start":{"line":45,"column":8},"end":{"line":45,"column":24}},{"start":{"line":45,"column":28},"end":{"line":45,"column":45}}]},"4":{"loc":{"start":{"line":49,"column":22},"end":{"line":49,"column":74}},"type":"binary-expr","locations":[{"start":{"line":49,"column":22},"end":{"line":49,"column":47}},{"start":{"line":49,"column":51},"end":{"line":49,"column":74}}]},"5":{"loc":{"start":{"line":50,"column":4},"end":{"line":52,"column":5}},"type":"if","locations":[{"start":{"line":50,"column":4},"end":{"line":52,"column":5}},{"start":{},"end":{}}]},"6":{"loc":{"start":{"line":55,"column":4},"end":{"line":57,"column":5}},"type":"if","locations":[{"start":{"line":55,"column":4},"end":{"line":57,"column":5}},{"start":{},"end":{}}]},"7":{"loc":{"start":{"line":55,"column":8},"end":{"line":55,"column":55}},"type":"binary-expr","locations":[{"start":{"line":55,"column":8},"end":{"line":55,"column":31}},{"start":{"line":55,"column":35},"end":{"line":55,"column":55}}]},"8":{"loc":{"start":{"line":60,"column":4},"end":{"line":62,"column":5}},"type":"if","locations":[{"start":{"line":60,"column":4},"end":{"line":62,"column":5}},{"start":{},"end":{}}]},"9":{"loc":{"start":{"line":65,"column":4},"end":{"line":67,"column":5}},"type":"if","locations":[{"start":{"line":65,"column":4},"end":{"line":67,"column":5}},{"start":{},"end":{}}]},"10":{"loc":{"start":{"line":65,"column":8},"end":{"line":65,"column":46}},"type":"binary-expr","locations":[{"start":{"line":65,"column":8},"end":{"line":65,"column":21}},{"start":{"line":65,"column":25},"end":{"line":65,"column":46}}]}},"s":{"0":4,"1":4,"2":10,"3":10,"4":276,"5":276,"6":232,"7":44,"8":44,"9":44,"10":44,"11":44,"12":0,"13":44,"14":44,"15":29,"16":15,"17":15,"18":0,"19":15,"20":15,"21":1,"22":14,"23":14,"24":0,"25":14,"26":14,"27":14,"28":14,"29":14,"30":14,"31":14,"32":14,"33":4},"f":{"0":10,"1":276,"2":14},"b":{"0":[9],"1":[232,44],"2":[0,44],"3":[44,44],"4":[44,16],"5":[29,15],"6":[0,15],"7":[15,15],"8":[1,14],"9":[0,14],"10":[14,14]}}
}
