TN:
SF:src\app.module.ts
FNF:0
FNH:0
DA:1,0
DA:2,0
DA:3,0
DA:4,0
DA:5,0
DA:6,0
DA:12,0
LF:7
LH:0
BRF:0
BRH:0
end_of_record
TN:
SF:src\dashboard\clock.service.ts
FN:5,(anonymous_1)
FN:9,(anonymous_2)
FN:13,(anonymous_3)
FN:23,(anonymous_4)
FNF:4
FNH:0
FNDA:0,(anonymous_1)
FNDA:0,(anonymous_2)
FNDA:0,(anonymous_3)
FNDA:0,(anonymous_4)
DA:1,1
DA:4,1
DA:6,0
DA:10,0
DA:14,0
DA:24,0
LF:6
LH:2
BRF:0
BRH:0
end_of_record
TN:
SF:src\dashboard\dashboard.controller.ts
FN:7,(anonymous_4)
FN:13,(anonymous_5)
FN:18,(anonymous_6)
FN:23,(anonymous_7)
FN:28,(anonymous_8)
FN:33,(anonymous_9)
FN:38,(anonymous_10)
FN:43,(anonymous_11)
FNF:8
FNH:0
FNDA:0,(anonymous_4)
FNDA:0,(anonymous_5)
FNDA:0,(anonymous_6)
FNDA:0,(anonymous_7)
FNDA:0,(anonymous_8)
FNDA:0,(anonymous_9)
FNDA:0,(anonymous_10)
FNDA:0,(anonymous_11)
DA:1,0
DA:2,0
DA:3,0
DA:6,0
DA:8,0
DA:9,0
DA:13,0
DA:14,0
DA:18,0
DA:19,0
DA:23,0
DA:24,0
DA:28,0
DA:29,0
DA:33,0
DA:34,0
DA:38,0
DA:39,0
DA:43,0
DA:44,0
LF:20
LH:0
BRF:0
BRH:0
end_of_record
TN:
SF:src\dashboard\dashboard.service.ts
FN:19,(anonymous_2)
FN:98,(anonymous_3)
FN:111,(anonymous_4)
FN:112,(anonymous_5)
FN:130,(anonymous_6)
FN:138,(anonymous_7)
FN:168,(anonymous_8)
FN:195,(anonymous_9)
FN:209,(anonymous_10)
FN:223,(anonymous_11)
FN:225,(anonymous_12)
FN:230,(anonymous_13)
FN:231,(anonymous_14)
FNF:13
FNH:13
FNDA:16,(anonymous_2)
FNDA:13,(anonymous_3)
FNDA:18,(anonymous_4)
FNDA:23,(anonymous_5)
FNDA:60,(anonymous_6)
FNDA:6,(anonymous_7)
FNDA:3,(anonymous_8)
FNDA:5,(anonymous_9)
FNDA:1,(anonymous_10)
FNDA:8,(anonymous_11)
FNDA:12,(anonymous_12)
FNDA:14,(anonymous_13)
FNDA:18,(anonymous_14)
DA:1,1
DA:2,1
DA:16,1
DA:17,16
DA:19,16
DA:21,16
DA:29,16
DA:45,16
DA:74,16
DA:80,16
DA:86,16
DA:92,16
DA:99,13
DA:112,23
DA:113,18
DA:115,18
DA:130,60
DA:139,6
DA:140,1
DA:142,5
DA:143,4
DA:145,4
DA:156,4
DA:165,4
DA:169,3
DA:170,2
DA:172,2
DA:183,2
DA:192,2
DA:196,5
DA:197,5
DA:206,5
DA:210,1
DA:211,1
DA:220,1
DA:224,8
DA:225,6
DA:226,12
DA:231,18
DA:232,14
DA:233,2
DA:235,12
LF:42
LH:42
BRDA:113,0,0,6
BRDA:113,0,1,12
BRDA:116,1,0,6
BRDA:116,1,1,12
BRDA:118,2,0,6
BRDA:118,2,1,12
BRDA:119,3,0,6
BRDA:119,3,1,12
BRDA:122,4,0,6
BRDA:122,4,1,12
BRDA:124,5,0,8
BRDA:124,5,1,4
BRDA:129,6,0,6
BRDA:129,6,1,12
BRDA:131,7,0,6
BRDA:131,7,1,12
BRDA:139,8,0,1
BRDA:139,8,1,5
BRDA:150,9,0,4
BRDA:150,9,1,1
BRDA:150,10,0,4
BRDA:150,10,1,1
BRDA:226,11,0,6
BRDA:226,11,1,6
BRDA:232,12,0,2
BRDA:232,12,1,12
BRF:26
BRH:26
end_of_record
TN:
SF:src\dashboard\engine-signal.service.ts
FN:16,(anonymous_2)
FN:18,(anonymous_3)
FNF:2
FNH:2
FNDA:2,(anonymous_2)
FNDA:2,(anonymous_3)
DA:1,1
DA:2,1
DA:3,1
DA:4,1
DA:5,1
DA:7,1
DA:8,1
DA:12,1
DA:13,2
DA:14,2
DA:16,2
DA:19,2
DA:20,2
DA:21,2
DA:22,1
DA:25,1
DA:38,1
LF:17
LH:17
BRDA:18,0,0,0
BRDA:21,1,0,1
BRDA:21,1,1,1
BRF:3
BRH:2
end_of_record
TN:
SF:src\dashboard\market-data.provider.ts
FN:11,(anonymous_1)
FN:12,(anonymous_2)
FNF:2
FNH:2
FNDA:1,(anonymous_1)
FNDA:20,(anonymous_2)
DA:1,1
DA:10,1
DA:12,20
DA:22,1
DA:32,1
DA:42,1
LF:6
LH:6
BRDA:11,0,0,0
BRF:1
BRH:0
end_of_record
TN:
SF:src\engine\backtest\backtester.ts
FN:36,(anonymous_0)
FN:42,(anonymous_1)
FN:53,(anonymous_2)
FN:119,(anonymous_3)
FN:127,(anonymous_4)
FN:128,(anonymous_5)
FNF:6
FNH:5
FNDA:6,(anonymous_0)
FNDA:11,(anonymous_1)
FNDA:10,(anonymous_2)
FNDA:10,(anonymous_3)
FNDA:10,(anonymous_4)
FNDA:0,(anonymous_5)
DA:1,2
DA:3,2
DA:4,2
DA:6,2
DA:31,2
DA:37,6
DA:38,6
DA:39,6
DA:43,11
DA:44,11
DA:45,11
DA:47,11
DA:48,269
DA:49,269
DA:52,269
DA:53,10
DA:54,10
DA:55,10
DA:56,9
DA:57,9
DA:62,269
DA:63,268
DA:64,268
DA:65,10
DA:66,10
DA:80,10
DA:81,10
DA:85,10
DA:97,269
DA:101,11
DA:102,11
DA:103,11
DA:104,1
DA:105,1
DA:107,11
DA:108,11
DA:112,11
DA:120,10
DA:121,10
DA:122,0
DA:124,10
DA:128,10
LF:42
LH:41
BRDA:38,0,0,6
BRDA:38,0,1,6
BRDA:39,1,0,6
BRDA:39,1,1,6
BRDA:52,2,0,10
BRDA:52,2,1,259
BRDA:55,3,0,9
BRDA:55,3,1,1
BRDA:57,4,0,0
BRDA:57,4,1,9
BRDA:62,5,0,268
BRDA:62,5,1,1
BRDA:64,6,0,10
BRDA:64,6,1,258
BRDA:64,7,0,268
BRDA:64,7,1,10
BRDA:80,8,0,10
BRDA:80,8,1,0
BRDA:101,9,0,11
BRDA:101,9,1,0
BRDA:107,10,0,11
BRDA:107,10,1,0
BRDA:107,11,0,11
BRDA:107,11,1,11
BRF:24
BRH:20
end_of_record
TN:
SF:src\engine\backtest\data-loader.ts
FN:9,(anonymous_0)
FN:12,(anonymous_1)
FN:13,(anonymous_2)
FN:19,(anonymous_3)
FN:20,(anonymous_4)
FN:23,(anonymous_5)
FN:24,(anonymous_6)
FNF:7
FNH:7
FNDA:11,(anonymous_0)
FNDA:141,(anonymous_1)
FNDA:141,(anonymous_2)
FNDA:57,(anonymous_3)
FNDA:40,(anonymous_4)
FNDA:126,(anonymous_5)
FNDA:753,(anonymous_6)
DA:3,2
DA:9,2
DA:10,11
DA:12,141
DA:13,141
DA:15,11
DA:16,1
DA:19,57
DA:20,40
DA:21,10
DA:23,10
DA:24,753
DA:25,126
DA:26,1
DA:29,125
DA:30,125
DA:40,125
DA:41,621
DA:42,1
DA:46,124
LF:20
LH:20
BRDA:15,0,0,1
BRDA:15,0,1,10
BRDA:21,1,0,6
BRDA:21,1,1,4
BRDA:25,2,0,1
BRDA:25,2,1,125
BRDA:41,3,0,1
BRDA:41,3,1,620
BRF:8
BRH:8
end_of_record
TN:
SF:src\engine\backtest\metrics.ts
FN:16,(anonymous_0)
FN:22,(anonymous_1)
FN:42,(anonymous_2)
FN:59,(anonymous_3)
FN:60,(anonymous_4)
FN:69,(anonymous_5)
FN:76,(anonymous_6)
FN:77,(anonymous_7)
FN:78,(anonymous_8)
FN:79,(anonymous_9)
FNF:10
FNH:10
FNDA:85,(anonymous_0)
FNDA:16,(anonymous_1)
FNDA:17,(anonymous_2)
FNDA:267,(anonymous_3)
FNDA:267,(anonymous_4)
FNDA:14,(anonymous_5)
FNDA:14,(anonymous_6)
FNDA:14,(anonymous_7)
FNDA:13,(anonymous_8)
FNDA:1,(anonymous_9)
DA:16,3
DA:17,85
DA:18,85
DA:22,3
DA:23,16
DA:24,16
DA:26,16
DA:27,283
DA:28,32
DA:30,283
DA:31,283
DA:32,283
DA:33,12
DA:38,16
DA:42,3
DA:43,17
DA:44,2
DA:47,15
DA:48,15
DA:49,267
DA:50,267
DA:51,267
DA:55,15
DA:56,0
DA:59,267
DA:60,267
DA:61,15
DA:62,15
DA:63,3
DA:66,12
DA:69,3
DA:74,14
DA:76,14
DA:77,14
DA:78,14
DA:79,14
DA:81,14
DA:83,14
LF:38
LH:37
BRDA:16,0,0,85
BRDA:27,1,0,32
BRDA:27,1,1,251
BRDA:30,2,0,283
BRDA:30,2,1,0
BRDA:32,3,0,12
BRDA:32,3,1,271
BRDA:42,4,0,17
BRDA:43,5,0,2
BRDA:43,5,1,15
BRDA:50,6,0,267
BRDA:50,6,1,0
BRDA:55,7,0,0
BRDA:55,7,1,15
BRDA:62,8,0,3
BRDA:62,8,1,12
BRDA:74,9,0,14
BRDA:74,9,1,0
BRDA:81,10,0,13
BRDA:81,10,1,1
BRDA:81,11,0,11
BRDA:81,11,1,2
BRDA:90,12,0,12
BRDA:90,12,1,2
BRDA:91,13,0,3
BRDA:91,13,1,11
BRF:26
BRH:22
end_of_record
TN:
SF:src\engine\execution\execution-simulator.ts
FN:29,(anonymous_0)
FN:33,(anonymous_1)
FN:38,(anonymous_2)
FN:50,(anonymous_3)
FN:74,(anonymous_4)
FNF:5
FNH:5
FNDA:7,(anonymous_0)
FNDA:32,(anonymous_1)
FNDA:12,(anonymous_2)
FNDA:17,(anonymous_3)
FNDA:3,(anonymous_4)
DA:11,3
DA:26,3
DA:30,7
DA:34,32
DA:39,12
DA:41,12
DA:43,12
DA:51,17
DA:53,17
DA:54,14
DA:55,2
DA:57,12
DA:58,10
DA:60,2
DA:64,3
DA:65,1
DA:67,2
DA:68,1
DA:70,1
DA:75,3
DA:76,3
DA:77,3
LF:22
LH:22
BRDA:29,0,0,6
BRDA:41,1,0,11
BRDA:41,1,1,1
BRDA:53,2,0,14
BRDA:53,2,1,3
BRDA:54,3,0,2
BRDA:54,3,1,12
BRDA:57,4,0,10
BRDA:57,4,1,2
BRDA:64,5,0,1
BRDA:64,5,1,2
BRDA:67,6,0,1
BRDA:67,6,1,1
BRDA:76,7,0,2
BRDA:76,7,1,1
BRF:15
BRH:15
end_of_record
TN:
SF:src\engine\integration\signal-adapter.ts
FN:18,(anonymous_0)
FN:21,(anonymous_1)
FNF:2
FNH:2
FNDA:12,(anonymous_0)
FNDA:4,(anonymous_1)
DA:18,12
DA:21,2
DA:25,4
DA:26,4
DA:27,4
DA:29,4
DA:31,4
LF:7
LH:7
BRDA:27,0,0,1
BRDA:27,0,1,3
BRDA:29,1,0,2
BRDA:29,1,1,2
BRDA:34,2,0,4
BRDA:34,2,1,0
BRF:6
BRH:5
end_of_record
TN:
SF:src\engine\market\bar.ts
FN:11,(anonymous_0)
FNF:1
FNH:1
FNDA:2027,(anonymous_0)
DA:11,2027
LF:1
LH:1
BRF:0
BRH:0
end_of_record
TN:
SF:src\engine\market\indicators.ts
FN:7,(anonymous_0)
FN:27,(anonymous_1)
FN:38,(anonymous_2)
FN:43,(anonymous_3)
FN:49,(anonymous_4)
FNF:5
FNH:5
FNDA:90,(anonymous_0)
FNDA:18,(anonymous_1)
FNDA:303,(anonymous_2)
FNDA:16,(anonymous_3)
FNDA:72,(anonymous_4)
DA:1,5
DA:7,5
DA:8,90
DA:9,90
DA:11,90
DA:12,2027
DA:13,2027
DA:16,90
DA:17,1
DA:20,89
DA:27,5
DA:28,18
DA:29,1
DA:32,17
DA:33,17
DA:34,1
DA:37,16
DA:38,303
DA:39,16
DA:43,5
DA:44,16
DA:45,1
DA:48,15
DA:49,72
LF:24
LH:24
BRDA:16,0,0,1
BRDA:16,0,1,89
BRDA:28,1,0,1
BRDA:28,1,1,17
BRDA:33,2,0,1
BRDA:33,2,1,16
BRDA:44,3,0,1
BRDA:44,3,1,15
BRDA:44,4,0,16
BRDA:44,4,1,16
BRF:10
BRH:10
end_of_record
TN:
SF:src\engine\portfolio\portfolio.ts
FN:33,(anonymous_0)
FN:37,(anonymous_1)
FN:41,(anonymous_2)
FN:45,(anonymous_3)
FN:49,(anonymous_4)
FN:53,(anonymous_5)
FN:68,(anonymous_6)
FN:94,(anonymous_7)
FNF:8
FNH:8
FNDA:20,(anonymous_0)
FNDA:3,(anonymous_1)
FNDA:62,(anonymous_2)
FNDA:23,(anonymous_3)
FNDA:539,(anonymous_4)
FNDA:19,(anonymous_5)
FNDA:13,(anonymous_6)
FNDA:292,(anonymous_7)
DA:28,3
DA:30,20
DA:31,20
DA:34,20
DA:38,3
DA:42,62
DA:46,23
DA:50,539
DA:54,19
DA:55,1
DA:57,18
DA:58,1
DA:60,17
DA:61,17
DA:62,1
DA:64,16
DA:65,16
DA:69,13
DA:70,13
DA:71,1
DA:74,12
DA:75,12
DA:77,12
DA:78,12
DA:79,12
DA:89,12
DA:90,12
DA:95,292
DA:96,292
DA:97,13
DA:98,13
DA:100,292
LF:32
LH:32
BRDA:54,0,0,1
BRDA:54,0,1,18
BRDA:57,1,0,1
BRDA:57,1,1,17
BRDA:61,2,0,1
BRDA:61,2,1,16
BRDA:70,3,0,1
BRDA:70,3,1,12
BRDA:97,4,0,13
BRDA:97,4,1,1
BRF:10
BRH:10
end_of_record
TN:
SF:src\engine\risk\risk-engine.ts
FN:51,(anonymous_0)
FN:60,(anonymous_1)
FNF:2
FNH:2
FNDA:6,(anonymous_0)
FNDA:21,(anonymous_1)
DA:15,4
DA:51,6
DA:59,4
DA:61,21
DA:63,21
DA:64,1
DA:67,20
DA:68,1
DA:71,19
DA:72,1
DA:75,18
DA:76,18
DA:77,1
DA:80,17
DA:81,17
DA:83,17
DA:87,17
DA:92,17
DA:93,17
DA:95,17
DA:96,17
DA:97,2
DA:100,15
LF:23
LH:23
BRDA:63,0,0,1
BRDA:63,0,1,20
BRDA:67,1,0,1
BRDA:67,1,1,19
BRDA:71,2,0,1
BRDA:71,2,1,18
BRDA:76,3,0,1
BRDA:76,3,1,17
BRDA:85,4,0,17
BRDA:85,4,1,15
BRDA:89,5,0,17
BRDA:89,5,1,6
BRDA:96,6,0,2
BRDA:96,6,1,15
BRF:14
BRH:14
end_of_record
TN:
SF:src\engine\strategy\vwap-reclaim.strategy.ts
FN:30,(anonymous_0)
FN:34,(anonymous_1)
FN:84,(anonymous_2)
FNF:3
FNH:3
FNDA:10,(anonymous_0)
FNDA:276,(anonymous_1)
FNDA:14,(anonymous_2)
DA:1,4
DA:15,4
DA:26,4
DA:27,10
DA:31,10
DA:35,276
DA:36,276
DA:37,232
DA:40,44
DA:41,44
DA:43,44
DA:44,44
DA:45,44
DA:46,0
DA:49,44
DA:50,44
DA:51,29
DA:54,15
DA:55,15
DA:56,0
DA:59,15
DA:60,15
DA:61,1
DA:64,14
DA:65,14
DA:66,0
DA:69,14
DA:70,14
DA:71,14
DA:73,14
DA:85,14
DA:86,14
DA:87,14
DA:88,14
LF:34
LH:31
BRDA:30,0,0,9
BRDA:36,1,0,232
BRDA:36,1,1,44
BRDA:45,2,0,0
BRDA:45,2,1,44
BRDA:45,3,0,44
BRDA:45,3,1,44
BRDA:49,4,0,44
BRDA:49,4,1,16
BRDA:50,5,0,29
BRDA:50,5,1,15
BRDA:55,6,0,0
BRDA:55,6,1,15
BRDA:55,7,0,15
BRDA:55,7,1,15
BRDA:60,8,0,1
BRDA:60,8,1,14
BRDA:65,9,0,0
BRDA:65,9,1,14
BRDA:65,10,0,14
BRDA:65,10,1,14
BRF:21
BRH:18
end_of_record
